2024-10-17 18:59:02.734 [info] Reading sessions from keychain...
2024-10-17 18:59:02.734 [info] Getting sessions for all scopes...
2024-10-17 18:59:02.734 [info] Getting sessions for all scopes...
2024-10-17 18:59:02.734 [info] Getting sessions for user:email...
2024-10-17 18:59:02.780 [info] Got stored sessions!
2024-10-17 18:59:02.781 [info] Got 6 verified sessions.
2024-10-17 18:59:02.781 [info] Got 6 sessions for ...
2024-10-17 18:59:02.781 [info] Got 6 sessions for ...
2024-10-17 18:59:02.781 [info] Got 1 sessions for user:email...
2024-10-17 18:59:02.880 [info] Getting sessions for codespace,read:user,repo,user:email...
2024-10-17 18:59:02.880 [info] Got 1 sessions for codespace,read:user,repo,user:email...
2024-10-17 18:59:03.025 [info] Getting sessions for all scopes...
2024-10-17 18:59:03.025 [info] Got 6 sessions for ...
2024-10-17 18:59:03.230 [info] Getting sessions for all scopes...
2024-10-17 18:59:03.230 [info] Got 6 sessions for ...
2024-10-17 18:59:06.457 [info] Getting sessions for all scopes...
2024-10-17 18:59:06.458 [info] Got 6 sessions for ...
2024-10-17 18:59:06.630 [info] Getting sessions for all scopes...
2024-10-17 18:59:06.630 [info] Got 6 sessions for ...
2024-10-17 18:59:07.396 [info] Getting sessions for all scopes...
2024-10-17 18:59:07.399 [info] Got 6 sessions for ...
2024-10-17 18:59:07.935 [info] Getting sessions for read:user,repo,user:email,workflow...
2024-10-17 18:59:07.935 [info] Getting sessions for all scopes...
2024-10-17 18:59:07.935 [info] Got 1 sessions for read:user,repo,user:email,workflow...
2024-10-17 18:59:07.935 [info] Got 6 sessions for ...
2024-10-17 18:59:08.886 [info] Getting sessions for all scopes...
2024-10-17 18:59:08.887 [info] Getting sessions for all scopes...
2024-10-17 18:59:08.887 [info] Got 6 sessions for ...
2024-10-17 18:59:08.887 [info] Got 6 sessions for ...
2024-10-17 18:59:09.591 [info] Getting sessions for project,read:org,read:user,repo,user:email,workflow...
2024-10-17 18:59:09.591 [info] Got 0 sessions for project,read:org,read:user,repo,user:email,workflow...
2024-10-17 18:59:09.896 [info] Getting sessions for read:user,repo,user:email,workflow...
2024-10-17 18:59:09.896 [info] Got 1 sessions for read:user,repo,user:email,workflow...
2024-10-17 18:59:12.225 [info] Getting sessions for read:user,repo,user:email,workflow...
2024-10-17 18:59:12.225 [info] Got 1 sessions for read:user,repo,user:email,workflow...
2024-10-17 18:59:12.536 [info] Getting sessions for all scopes...
2024-10-17 18:59:12.537 [info] Getting sessions for all scopes...
2024-10-17 18:59:12.537 [info] Got 6 sessions for ...
2024-10-17 18:59:12.537 [info] Got 6 sessions for ...
2024-10-17 18:59:16.008 [info] Getting sessions for read:user,repo,user:email,workflow...
2024-10-17 18:59:16.009 [info] Got 1 sessions for read:user,repo,user:email,workflow...
2024-10-17 18:59:17.268 [info] Getting sessions for all scopes...
2024-10-17 18:59:17.268 [info] Got 6 sessions for ...
2024-10-17 18:59:17.656 [info] Getting sessions for read:user,repo,user:email,workflow...
2024-10-17 18:59:17.656 [info] Got 1 sessions for read:user,repo,user:email,workflow...
2024-10-17 18:59:17.776 [info] Getting sessions for read:user,repo,user:email,workflow...
2024-10-17 18:59:17.776 [info] Got 1 sessions for read:user,repo,user:email,workflow...
2024-10-17 18:59:19.056 [info] Getting sessions for all scopes...
2024-10-17 18:59:19.056 [info] Got 6 sessions for ...
2024-10-17 18:59:19.448 [info] Getting sessions for read:user,repo,user:email,workflow...
2024-10-17 18:59:19.448 [info] Got 1 sessions for read:user,repo,user:email,workflow...
