2024-10-16 21:51:16.585 [info] Reading sessions from keychain...
2024-10-16 21:51:16.585 [info] Getting sessions for all scopes...
2024-10-16 21:51:16.585 [info] Getting sessions for all scopes...
2024-10-16 21:51:16.585 [info] Getting sessions for user:email...
2024-10-16 21:51:17.240 [info] Got stored sessions!
2024-10-16 21:51:17.240 [info] Got 6 verified sessions.
2024-10-16 21:51:17.241 [info] Got 6 sessions for ...
2024-10-16 21:51:17.241 [info] Got 6 sessions for ...
2024-10-16 21:51:17.241 [info] Got 1 sessions for user:email...
2024-10-16 21:51:18.996 [info] Getting sessions for codespace,read:user,repo,user:email...
2024-10-16 21:51:18.996 [info] Getting sessions for all scopes...
2024-10-16 21:51:18.996 [info] Got 1 sessions for codespace,read:user,repo,user:email...
2024-10-16 21:51:18.996 [info] Got 6 sessions for ...
2024-10-16 21:51:21.029 [info] Getting sessions for all scopes...
2024-10-16 21:51:21.030 [info] Got 6 sessions for ...
2024-10-16 21:51:29.521 [info] Getting sessions for read:user,repo,user:email,workflow...
2024-10-16 21:51:29.521 [info] Getting sessions for all scopes...
2024-10-16 21:51:29.521 [info] Got 1 sessions for read:user,repo,user:email,workflow...
2024-10-16 21:51:29.521 [info] Got 6 sessions for ...
2024-10-16 21:51:29.684 [info] Getting sessions for all scopes...
2024-10-16 21:51:29.684 [info] Getting sessions for all scopes...
2024-10-16 21:51:29.684 [info] Got 6 sessions for ...
2024-10-16 21:51:29.684 [info] Got 6 sessions for ...
2024-10-16 21:51:31.120 [info] Getting sessions for all scopes...
2024-10-16 21:51:31.128 [info] Got 6 sessions for ...
2024-10-16 21:51:31.343 [info] Getting sessions for project,read:org,read:user,repo,user:email,workflow...
2024-10-16 21:51:31.343 [info] Getting sessions for all scopes...
2024-10-16 21:51:31.343 [info] Got 0 sessions for project,read:org,read:user,repo,user:email,workflow...
2024-10-16 21:51:31.343 [info] Got 6 sessions for ...
2024-10-16 21:51:31.499 [info] Getting sessions for all scopes...
2024-10-16 21:51:31.500 [info] Got 6 sessions for ...
2024-10-16 21:51:31.519 [info] Getting sessions for read:user,repo,user:email,workflow...
2024-10-16 21:51:31.519 [info] Got 1 sessions for read:user,repo,user:email,workflow...
2024-10-16 21:51:32.206 [info] Getting sessions for read:user,repo,user:email,workflow...
2024-10-16 21:51:32.206 [info] Got 1 sessions for read:user,repo,user:email,workflow...
2024-10-16 21:51:35.644 [info] Getting sessions for all scopes...
2024-10-16 21:51:35.644 [info] Getting sessions for all scopes...
2024-10-16 21:51:35.644 [info] Got 6 sessions for ...
2024-10-16 21:51:35.645 [info] Got 6 sessions for ...
2024-10-16 21:51:40.295 [info] Getting sessions for read:user,repo,user:email,workflow...
2024-10-16 21:51:40.295 [info] Got 1 sessions for read:user,repo,user:email,workflow...
2024-10-16 21:51:50.618 [info] Getting sessions for all scopes...
2024-10-16 21:51:50.618 [info] Got 6 sessions for ...
2024-10-16 21:51:56.328 [info] Getting sessions for read:user,repo,user:email,workflow...
2024-10-16 21:51:56.329 [info] Got 1 sessions for read:user,repo,user:email,workflow...
2024-10-16 21:51:58.071 [info] Getting sessions for all scopes...
2024-10-16 21:51:58.071 [info] Got 6 sessions for ...
2024-10-16 21:51:58.422 [info] Getting sessions for read:user,repo,user:email,workflow...
2024-10-16 21:51:58.422 [info] Got 1 sessions for read:user,repo,user:email,workflow...
2024-10-16 21:51:58.881 [info] Getting sessions for read:user,repo,user:email,workflow...
2024-10-16 21:51:58.881 [info] Got 1 sessions for read:user,repo,user:email,workflow...
