2024-10-17 09:57:56.311 [info] [main] ログ レベル: Info
2024-10-17 09:57:56.311 [info] [main] Git の検証が検出されました: "git"
2024-10-17 09:57:56.311 [info] [main] "git" から Git "2.46.2" を使用しています
2024-10-17 09:57:56.311 [info] [Model][doInitialScan] Initial repository scan started
2024-10-17 09:57:56.311 [info] > git rev-parse --show-toplevel [5ms]
2024-10-17 09:57:56.311 [info] fatal: not a git repository (or any of the parent directories): .git
2024-10-17 09:57:56.311 [info] > git rev-parse --show-toplevel [2ms]
2024-10-17 09:57:56.311 [info] fatal: not a git repository (or any of the parent directories): .git
2024-10-17 09:57:56.321 [info] > git rev-parse --show-toplevel [5ms]
2024-10-17 09:57:56.321 [info] fatal: not a git repository (or any of the parent directories): .git
2024-10-17 09:57:56.330 [info] > git rev-parse --show-toplevel [3ms]
2024-10-17 09:57:56.330 [info] fatal: not a git repository (or any of the parent directories): .git
2024-10-17 09:57:56.336 [info] > git rev-parse --show-toplevel [1ms]
2024-10-17 09:57:56.336 [info] fatal: not a git repository (or any of the parent directories): .git
2024-10-17 09:57:56.339 [info] [Model][doInitialScan] Initial repository scan completed - repositories (0), closed repositories (0), parent repositories (0), unsafe repositories (0)
2024-10-17 09:58:29.024 [info] > git rev-parse --show-toplevel [3ms]
2024-10-17 09:58:29.024 [info] fatal: not a git repository (or any of the parent directories): .git
2024-10-17 10:02:19.032 [info] > git rev-parse --show-toplevel [2ms]
2024-10-17 10:02:19.032 [info] fatal: not a git repository (or any of the parent directories): .git
2024-10-17 10:02:21.865 [info] > git rev-parse --show-toplevel [10ms]
2024-10-17 10:02:21.865 [info] fatal: not a git repository (or any of the parent directories): .git
2024-10-17 10:02:26.566 [info] > git rev-parse --show-toplevel [33ms]
2024-10-17 10:02:26.566 [info] fatal: not a git repository (or any of the parent directories): .git
