2024-10-16 13:36:16.685 [info] Reading sessions from keychain...
2024-10-16 13:36:16.685 [info] Getting sessions for all scopes...
2024-10-16 13:36:16.685 [info] Getting sessions for all scopes...
2024-10-16 13:36:16.685 [info] Getting sessions for user:email...
2024-10-16 13:36:16.685 [info] Got stored sessions!
2024-10-16 13:36:16.685 [info] Got 6 verified sessions.
2024-10-16 13:36:16.685 [info] Got 6 sessions for ...
2024-10-16 13:36:16.685 [info] Got 6 sessions for ...
2024-10-16 13:36:16.685 [info] Got 1 sessions for user:email...
2024-10-16 13:36:16.778 [info] Getting sessions for codespace,read:user,repo,user:email...
2024-10-16 13:36:16.779 [info] Got 1 sessions for codespace,read:user,repo,user:email...
2024-10-16 13:36:16.792 [info] Getting sessions for all scopes...
2024-10-16 13:36:16.792 [info] Got 6 sessions for ...
2024-10-16 13:36:17.156 [info] Getting sessions for all scopes...
2024-10-16 13:36:17.156 [info] Got 6 sessions for ...
2024-10-16 13:36:17.430 [info] Getting sessions for all scopes...
2024-10-16 13:36:17.430 [info] Got 6 sessions for ...
2024-10-16 13:36:17.761 [info] Getting sessions for all scopes...
2024-10-16 13:36:17.762 [info] Got 6 sessions for ...
2024-10-16 13:36:18.061 [info] Getting sessions for all scopes...
2024-10-16 13:36:18.061 [info] Got 6 sessions for ...
2024-10-16 13:36:18.281 [info] Getting sessions for project,read:org,read:user,repo,user:email,workflow...
2024-10-16 13:36:18.281 [info] Getting sessions for all scopes...
2024-10-16 13:36:18.281 [info] Got 0 sessions for project,read:org,read:user,repo,user:email,workflow...
2024-10-16 13:36:18.281 [info] Got 6 sessions for ...
2024-10-16 13:36:18.694 [info] Getting sessions for read:user,repo,user:email,workflow...
2024-10-16 13:36:18.694 [info] Got 1 sessions for read:user,repo,user:email,workflow...
2024-10-16 13:36:18.755 [info] Getting sessions for read:user,repo,user:email,workflow...
2024-10-16 13:36:18.756 [info] Got 1 sessions for read:user,repo,user:email,workflow...
2024-10-16 13:36:19.939 [info] Getting sessions for read:user,repo,user:email,workflow...
2024-10-16 13:36:19.940 [info] Got 1 sessions for read:user,repo,user:email,workflow...
2024-10-16 13:37:02.419 [info] Getting sessions for read:user,repo,user:email,workflow...
2024-10-16 13:37:02.419 [info] Got 1 sessions for read:user,repo,user:email,workflow...
2024-10-16 13:37:02.525 [info] Getting sessions for all scopes...
2024-10-16 13:37:02.525 [info] Getting sessions for all scopes...
2024-10-16 13:37:02.525 [info] Got 6 sessions for ...
2024-10-16 13:37:02.525 [info] Got 6 sessions for ...
2024-10-16 13:37:03.025 [info] Getting sessions for read:user,repo,user:email,workflow...
2024-10-16 13:37:03.026 [info] Got 1 sessions for read:user,repo,user:email,workflow...
2024-10-16 13:37:04.439 [info] Getting sessions for all scopes...
2024-10-16 13:37:04.439 [info] Getting sessions for all scopes...
2024-10-16 13:37:04.439 [info] Got 6 sessions for ...
2024-10-16 13:37:04.439 [info] Got 6 sessions for ...
2024-10-16 13:37:04.731 [info] Getting sessions for read:user,repo,user:email,workflow...
2024-10-16 13:37:04.731 [info] Got 1 sessions for read:user,repo,user:email,workflow...
2024-10-16 13:37:05.618 [info] Getting sessions for all scopes...
2024-10-16 13:37:05.618 [info] Got 6 sessions for ...
2024-10-16 13:37:05.911 [info] Getting sessions for read:user,repo,user:email,workflow...
2024-10-16 13:37:05.911 [info] Got 1 sessions for read:user,repo,user:email,workflow...
2024-10-16 13:37:06.199 [info] Getting sessions for all scopes...
2024-10-16 13:37:06.199 [info] Got 6 sessions for ...
2024-10-16 13:37:06.488 [info] Getting sessions for read:user,repo,user:email,workflow...
2024-10-16 13:37:06.488 [info] Got 1 sessions for read:user,repo,user:email,workflow...
