2024-10-16 21:51:37.995 [info] Reading sessions from keychain...
2024-10-16 21:51:37.995 [info] Getting sessions for all scopes...
2024-10-16 21:51:37.995 [info] Getting sessions for all scopes...
2024-10-16 21:51:37.995 [info] Getting sessions for user:email...
2024-10-16 21:51:37.995 [info] Got stored sessions!
2024-10-16 21:51:37.995 [info] Got 6 verified sessions.
2024-10-16 21:51:37.995 [info] Got 6 sessions for ...
2024-10-16 21:51:37.995 [info] Got 6 sessions for ...
2024-10-16 21:51:37.995 [info] Got 1 sessions for user:email...
2024-10-16 21:51:38.042 [info] Getting sessions for codespace,read:user,repo,user:email...
2024-10-16 21:51:38.042 [info] Getting sessions for read:user,repo,user:email,workflow...
2024-10-16 21:51:38.042 [info] Getting sessions for all scopes...
2024-10-16 21:51:38.042 [info] Got 1 sessions for codespace,read:user,repo,user:email...
2024-10-16 21:51:38.043 [info] Got 1 sessions for read:user,repo,user:email,workflow...
2024-10-16 21:51:38.043 [info] Got 6 sessions for ...
2024-10-16 21:51:40.924 [info] Getting sessions for all scopes...
2024-10-16 21:51:40.924 [info] Getting sessions for all scopes...
2024-10-16 21:51:40.924 [info] Getting sessions for all scopes...
2024-10-16 21:51:40.924 [info] Got 6 sessions for ...
2024-10-16 21:51:40.924 [info] Got 6 sessions for ...
2024-10-16 21:51:40.924 [info] Got 6 sessions for ...
2024-10-16 21:51:41.868 [info] Getting sessions for all scopes...
2024-10-16 21:51:41.868 [info] Got 6 sessions for ...
2024-10-16 21:51:46.156 [info] Getting sessions for project,read:org,read:user,repo,user:email,workflow...
2024-10-16 21:51:46.156 [info] Getting sessions for all scopes...
2024-10-16 21:51:46.156 [info] Got 0 sessions for project,read:org,read:user,repo,user:email,workflow...
2024-10-16 21:51:46.156 [info] Got 6 sessions for ...
2024-10-16 21:51:55.712 [info] Getting sessions for read:user,repo,user:email,workflow...
2024-10-16 21:51:55.712 [info] Getting sessions for all scopes...
2024-10-16 21:51:55.712 [info] Got 1 sessions for read:user,repo,user:email,workflow...
2024-10-16 21:51:55.712 [info] Got 6 sessions for ...
2024-10-16 21:51:56.562 [info] Getting sessions for all scopes...
2024-10-16 21:51:56.562 [info] Got 6 sessions for ...
2024-10-16 21:51:58.372 [info] Getting sessions for read:user,repo,user:email,workflow...
2024-10-16 21:51:58.372 [info] Got 1 sessions for read:user,repo,user:email,workflow...
2024-10-16 21:51:58.656 [info] Getting sessions for all scopes...
2024-10-16 21:51:58.656 [info] Getting sessions for all scopes...
2024-10-16 21:51:58.656 [info] Got 6 sessions for ...
2024-10-16 21:51:58.656 [info] Got 6 sessions for ...
2024-10-16 21:52:09.771 [info] Getting sessions for read:user,repo,user:email,workflow...
2024-10-16 21:52:09.771 [info] Got 1 sessions for read:user,repo,user:email,workflow...
2024-10-16 21:52:12.659 [info] Getting sessions for all scopes...
2024-10-16 21:52:12.659 [info] Got 6 sessions for ...
2024-10-16 21:52:14.146 [info] Getting sessions for read:user,repo,user:email,workflow...
2024-10-16 21:52:14.146 [info] Got 1 sessions for read:user,repo,user:email,workflow...
2024-10-16 21:52:14.634 [info] Getting sessions for read:user,repo,user:email,workflow...
2024-10-16 21:52:14.634 [info] Got 1 sessions for read:user,repo,user:email,workflow...
2024-10-16 21:52:14.658 [info] Getting sessions for all scopes...
2024-10-16 21:52:14.658 [info] Got 6 sessions for ...
2024-10-16 21:52:15.387 [info] Getting sessions for read:user,repo,user:email,workflow...
2024-10-16 21:52:15.387 [info] Got 1 sessions for read:user,repo,user:email,workflow...
