2024-10-16 20:01:22.449 [info] Reading sessions from keychain...
2024-10-16 20:01:22.449 [info] Getting sessions for all scopes...
2024-10-16 20:01:22.449 [info] Getting sessions for all scopes...
2024-10-16 20:01:22.449 [info] Getting sessions for user:email...
2024-10-16 20:01:22.449 [info] Got stored sessions!
2024-10-16 20:01:22.449 [info] Got 6 verified sessions.
2024-10-16 20:01:22.449 [info] Got 6 sessions for ...
2024-10-16 20:01:22.449 [info] Got 6 sessions for ...
2024-10-16 20:01:22.449 [info] Got 1 sessions for user:email...
2024-10-16 20:01:22.539 [info] Getting sessions for codespace,read:user,repo,user:email...
2024-10-16 20:01:22.539 [info] Got 1 sessions for codespace,read:user,repo,user:email...
2024-10-16 20:01:22.548 [info] Getting sessions for all scopes...
2024-10-16 20:01:22.548 [info] Got 6 sessions for ...
2024-10-16 20:01:22.682 [info] Getting sessions for all scopes...
2024-10-16 20:01:22.683 [info] Got 6 sessions for ...
2024-10-16 20:01:25.964 [info] Getting sessions for all scopes...
2024-10-16 20:01:25.966 [info] Got 6 sessions for ...
2024-10-16 20:01:26.490 [info] Getting sessions for all scopes...
2024-10-16 20:01:26.490 [info] Got 6 sessions for ...
2024-10-16 20:01:28.907 [info] Getting sessions for all scopes...
2024-10-16 20:01:28.908 [info] Got 6 sessions for ...
2024-10-16 20:01:29.439 [info] Getting sessions for read:user,repo,user:email,workflow...
2024-10-16 20:01:29.439 [info] Getting sessions for all scopes...
2024-10-16 20:01:29.440 [info] Getting sessions for all scopes...
2024-10-16 20:01:29.440 [info] Getting sessions for all scopes...
2024-10-16 20:01:29.440 [info] Got 1 sessions for read:user,repo,user:email,workflow...
2024-10-16 20:01:29.440 [info] Got 6 sessions for ...
2024-10-16 20:01:29.440 [info] Got 6 sessions for ...
2024-10-16 20:01:29.440 [info] Got 6 sessions for ...
2024-10-16 20:01:29.557 [info] Getting sessions for project,read:org,read:user,repo,user:email,workflow...
2024-10-16 20:01:29.557 [info] Got 0 sessions for project,read:org,read:user,repo,user:email,workflow...
2024-10-16 20:01:30.137 [info] Getting sessions for read:user,repo,user:email,workflow...
2024-10-16 20:01:30.137 [info] Got 1 sessions for read:user,repo,user:email,workflow...
2024-10-16 20:01:30.253 [info] Getting sessions for read:user,repo,user:email,workflow...
2024-10-16 20:01:30.253 [info] Got 1 sessions for read:user,repo,user:email,workflow...
2024-10-16 20:01:30.704 [info] Getting sessions for all scopes...
2024-10-16 20:01:30.704 [info] Getting sessions for all scopes...
2024-10-16 20:01:30.704 [info] Got 6 sessions for ...
2024-10-16 20:01:30.704 [info] Got 6 sessions for ...
2024-10-16 20:01:36.254 [info] Getting sessions for read:user,repo,user:email,workflow...
2024-10-16 20:01:36.258 [info] Getting sessions for read:user,repo,user:email,workflow...
2024-10-16 20:01:36.258 [info] Got 1 sessions for read:user,repo,user:email,workflow...
2024-10-16 20:01:36.258 [info] Got 1 sessions for read:user,repo,user:email,workflow...
2024-10-16 20:01:42.000 [info] Getting sessions for all scopes...
2024-10-16 20:01:42.001 [info] Got 6 sessions for ...
2024-10-16 20:01:42.490 [info] Getting sessions for read:user,repo,user:email,workflow...
2024-10-16 20:01:42.490 [info] Got 1 sessions for read:user,repo,user:email,workflow...
2024-10-16 20:01:42.917 [info] Getting sessions for all scopes...
2024-10-16 20:01:42.917 [info] Got 6 sessions for ...
2024-10-16 20:01:43.144 [info] Getting sessions for read:user,repo,user:email,workflow...
2024-10-16 20:01:43.145 [info] Got 1 sessions for read:user,repo,user:email,workflow...
2024-10-16 20:01:43.327 [info] Getting sessions for read:user,repo,user:email,workflow...
2024-10-16 20:01:43.327 [info] Got 1 sessions for read:user,repo,user:email,workflow...
