2024-10-16 20:01:28.634 [info] [main] ログ レベル: Info
2024-10-16 20:01:28.634 [info] [main] Git の検証が検出されました: "git"
2024-10-16 20:01:28.634 [info] [main] "git" から Git "2.46.2" を使用しています
2024-10-16 20:01:28.634 [info] [Model][doInitialScan] Initial repository scan started
2024-10-16 20:01:28.634 [info] > git rev-parse --show-toplevel [2543ms]
2024-10-16 20:01:28.634 [info] fatal: not a git repository (or any of the parent directories): .git
2024-10-16 20:01:28.803 [info] > git rev-parse --show-toplevel [225ms]
2024-10-16 20:01:28.803 [info] fatal: not a git repository (or any parent up to mount point /)
Stopping at filesystem boundary (GIT_DISCOVERY_ACROSS_FILESYSTEM not set).
2024-10-16 20:01:29.367 [info] > git rev-parse --show-toplevel [98ms]
2024-10-16 20:01:29.367 [info] fatal: not a git repository (or any of the parent directories): .git
2024-10-16 20:01:29.534 [info] > git rev-parse --show-toplevel [53ms]
2024-10-16 20:01:29.534 [info] fatal: not a git repository (or any of the parent directories): .git
2024-10-16 20:01:29.564 [info] > git rev-parse --show-toplevel [16ms]
2024-10-16 20:01:29.564 [info] fatal: not a git repository (or any of the parent directories): .git
2024-10-16 20:01:30.022 [info] > git rev-parse --show-toplevel [449ms]
2024-10-16 20:01:30.047 [info] > git rev-parse --git-dir --git-common-dir [5ms]
2024-10-16 20:01:30.068 [info] [Model][openRepository] Opened repository: /home/vscode/.nodenv
2024-10-16 20:01:30.113 [info] > git config --get commit.template [33ms]
2024-10-16 20:01:30.165 [info] > git rev-parse --show-toplevel [74ms]
2024-10-16 20:01:30.184 [info] > git rev-parse --git-dir --git-common-dir [3ms]
2024-10-16 20:01:30.187 [info] [Model][openRepository] Opened repository: /home/vscode/.oh-my-zsh
2024-10-16 20:01:30.209 [info] > git config --get commit.template [10ms]
2024-10-16 20:01:30.222 [info] > git rev-parse --show-toplevel [17ms]
2024-10-16 20:01:30.222 [info] fatal: not a git repository (or any of the parent directories): .git
2024-10-16 20:01:30.235 [info] > git rev-parse --show-toplevel [3ms]
2024-10-16 20:01:30.235 [info] fatal: not a git repository (or any of the parent directories): .git
2024-10-16 20:01:30.396 [info] > git rev-parse --show-toplevel [144ms]
2024-10-16 20:01:30.598 [info] > git for-each-ref --format=%(refname)%00%(upstream:short)%00%(objectname)%00%(upstream:track)%00%(upstream:remotename)%00%(upstream:remoteref) refs/heads/main refs/remotes/main [470ms]
2024-10-16 20:01:30.656 [warning] [Git][revParse] Unable to read file: ENOENT: no such file or directory, open '/home/vscode/.nodenv/.git/refs/remotes/origin/main'
2024-10-16 20:01:30.690 [info] > git for-each-ref --format=%(refname)%00%(upstream:short)%00%(objectname)%00%(upstream:track)%00%(upstream:remotename)%00%(upstream:remoteref) refs/heads/master refs/remotes/master [471ms]
2024-10-16 20:01:30.690 [info] > git rev-parse --git-dir --git-common-dir [278ms]
2024-10-16 20:01:30.701 [info] [Model][openRepository] Opened repository: /home/vscode/environment
2024-10-16 20:01:30.714 [warning] [Git][revParse] Unable to read file: ENOENT: no such file or directory, open '/home/vscode/.oh-my-zsh/.git/refs/remotes/origin/master'
2024-10-16 20:01:30.755 [info] > git rev-parse refs/remotes/origin/main [100ms]
2024-10-16 20:01:34.247 [info] > git status -z -uall [3451ms]
2024-10-16 20:01:34.247 [info] > git check-ignore -v -z --stdin [3389ms]
2024-10-16 20:01:34.248 [info] > git check-ignore -v -z --stdin [3374ms]
2024-10-16 20:01:34.249 [info] > git rev-parse --show-toplevel [3495ms]
2024-10-16 20:01:34.249 [info] fatal: not a git repository (or any of the parent directories): .git
2024-10-16 20:01:34.251 [info] [Model][doInitialScan] Initial repository scan completed - repositories (3), closed repositories (0), parent repositories (0), unsafe repositories (0)
2024-10-16 20:01:34.251 [info] > git config --get commit.template [3509ms]
2024-10-16 20:01:34.252 [info] > git rev-parse refs/remotes/origin/master [3537ms]
2024-10-16 20:01:34.388 [info] > git check-ignore -v -z --stdin [14ms]
2024-10-16 20:01:34.389 [info] > git check-ignore -v -z --stdin [7ms]
2024-10-16 20:01:34.390 [info] > git for-each-ref --sort -committerdate --format %(refname) %(objectname) %(*objectname) [109ms]
2024-10-16 20:01:34.391 [info] > git for-each-ref --sort -committerdate --format %(refname) %(objectname) %(*objectname) [3564ms]
2024-10-16 20:01:34.437 [info] > git check-ignore -v -z --stdin [69ms]
2024-10-16 20:01:34.441 [info] > git for-each-ref --format=%(refname)%00%(upstream:short)%00%(objectname)%00%(upstream:track)%00%(upstream:remotename)%00%(upstream:remoteref) refs/heads/main refs/remotes/main [28ms]
2024-10-16 20:01:34.452 [info] > git config --get commit.template [16ms]
2024-10-16 20:01:34.525 [info] > git for-each-ref --format=%(refname)%00%(upstream:short)%00%(objectname)%00%(upstream:track)%00%(upstream:remotename)%00%(upstream:remoteref) refs/heads/main refs/remotes/main [62ms]
2024-10-16 20:01:34.525 [info] > git for-each-ref --format=%(refname)%00%(upstream:short)%00%(objectname)%00%(upstream:track)%00%(upstream:remotename)%00%(upstream:remoteref) refs/heads/main refs/remotes/main [95ms]
2024-10-16 20:01:34.525 [info] > git config --local branch.main.vscode-merge-base [74ms]
2024-10-16 20:01:34.543 [warning] [Git][revParse] Unable to read file: ENOENT: no such file or directory, open '/home/vscode/.nodenv/.git/refs/remotes/origin/main'
2024-10-16 20:01:34.552 [warning] [Git][revParse] Unable to read file: ENOENT: no such file or directory, open '/home/vscode/environment/.git/refs/remotes/origin/main'
2024-10-16 20:01:34.557 [info] > git rev-parse refs/remotes/origin/main [14ms]
2024-10-16 20:01:34.569 [info] > git for-each-ref --format=%(refname)%00%(upstream:short)%00%(objectname)%00%(upstream:track)%00%(upstream:remotename)%00%(upstream:remoteref) refs/heads/origin/main refs/remotes/origin/main [35ms]
2024-10-16 20:01:34.600 [info] > git status -z -uall [38ms]
2024-10-16 20:01:34.601 [info] > git for-each-ref --sort -committerdate --format %(refname) %(objectname) %(*objectname) [31ms]
2024-10-16 20:01:34.612 [info] > git rev-parse refs/remotes/origin/main [61ms]
2024-10-16 20:01:34.640 [info] > git merge-base refs/heads/main refs/remotes/origin/main [29ms]
2024-10-16 20:01:34.652 [info] > git merge-base refs/heads/main refs/remotes/origin/main [74ms]
2024-10-16 20:01:34.689 [info] > git diff --name-status -z --diff-filter=ADMR a0089384b7c4e8fba66ebb90dad255311e49f44e...refs/remotes/origin/main [37ms]
2024-10-16 20:01:34.697 [info] > git status -z -uall [78ms]
2024-10-16 20:01:34.697 [info] > git for-each-ref --sort -committerdate --format %(refname) %(objectname) %(*objectname) [61ms]
2024-10-16 20:01:34.715 [info] > git diff --name-status -z --diff-filter=ADMR a0089384b7c4e8fba66ebb90dad255311e49f44e...refs/remotes/origin/main [55ms]
2024-10-16 20:01:34.730 [info] > git for-each-ref --format=%(refname)%00%(upstream:short)%00%(objectname)%00%(upstream:track)%00%(upstream:remotename)%00%(upstream:remoteref) refs/heads/main refs/remotes/main [17ms]
2024-10-16 20:01:34.737 [info] > git config --get commit.template [8ms]
2024-10-16 20:01:34.737 [info] > git config --local branch.main.vscode-merge-base [2ms]
2024-10-16 20:01:34.751 [info] > git for-each-ref --format=%(refname)%00%(upstream:short)%00%(objectname)%00%(upstream:track)%00%(upstream:remotename)%00%(upstream:remoteref) refs/heads/origin/main refs/remotes/origin/main [9ms]
2024-10-16 20:01:34.760 [info] > git for-each-ref --format=%(refname)%00%(upstream:short)%00%(objectname)%00%(upstream:track)%00%(upstream:remotename)%00%(upstream:remoteref) refs/heads/main refs/remotes/main [10ms]
2024-10-16 20:01:34.772 [warning] [Git][revParse] Unable to read file: ENOENT: no such file or directory, open '/home/vscode/environment/.git/refs/remotes/origin/main'
2024-10-16 20:01:36.065 [info] > git status -z -uall [1805ms]
2024-10-16 20:01:36.065 [info] > git merge-base refs/heads/main refs/remotes/origin/main [1307ms]
2024-10-16 20:01:36.198 [info] > git diff --name-status -z --diff-filter=ADMR 1dd6ab39e87e1b7d23e47be70393326adc2e2a7c...refs/remotes/origin/main [114ms]
2024-10-16 20:01:36.219 [info] > git rev-parse refs/remotes/origin/main [1447ms]
2024-10-16 20:01:36.419 [info] > git status -z -uall [189ms]
2024-10-16 20:01:36.420 [info] > git for-each-ref --format=%(refname)%00%(upstream:short)%00%(objectname)%00%(upstream:track)%00%(upstream:remotename)%00%(upstream:remoteref) refs/heads/master refs/remotes/master [202ms]
2024-10-16 20:01:36.432 [info] > git config --local branch.master.vscode-merge-base [4ms]
2024-10-16 20:01:36.440 [info] > git config --get commit.template [189ms]
2024-10-16 20:01:36.440 [info] > git for-each-ref --sort -committerdate --format %(refname) %(objectname) %(*objectname) [200ms]
2024-10-16 20:01:36.444 [info] > git for-each-ref --format=%(refname)%00%(upstream:short)%00%(objectname)%00%(upstream:track)%00%(upstream:remotename)%00%(upstream:remoteref) refs/heads/origin/master refs/remotes/origin/master [4ms]
2024-10-16 20:01:36.559 [info] > git for-each-ref --format=%(refname)%00%(upstream:short)%00%(objectname)%00%(upstream:track)%00%(upstream:remotename)%00%(upstream:remoteref) refs/heads/master refs/remotes/master [33ms]
2024-10-16 20:01:36.559 [info] > git merge-base refs/heads/master refs/remotes/origin/master [108ms]
2024-10-16 20:01:36.577 [warning] [Git][revParse] Unable to read file: ENOENT: no such file or directory, open '/home/vscode/.oh-my-zsh/.git/refs/remotes/origin/master'
2024-10-16 20:01:36.624 [info] > git rev-parse refs/remotes/origin/master [47ms]
2024-10-16 20:01:36.645 [info] > git diff --name-status -z --diff-filter=ADMR a72a26406ad3aa9a47c3f5227291bad23494bed0...refs/remotes/origin/master [75ms]
2024-10-16 20:01:36.653 [info] > git for-each-ref --sort -committerdate --format %(refname) %(objectname) %(*objectname) [8ms]
2024-10-16 20:01:37.057 [info] > git status -z -uall [422ms]
2024-10-16 20:01:41.201 [info] > git config --local branch.main.github-pr-owner-number [196ms]
2024-10-16 20:01:41.202 [warning] [Git][config] git config failed: Failed to execute git
2024-10-16 20:01:41.250 [info] > git config --local branch.main.github-pr-owner-number [418ms]
2024-10-16 20:01:41.250 [warning] [Git][config] git config failed: Failed to execute git
2024-10-16 20:01:41.292 [info] > git config --local branch.master.github-pr-owner-number [735ms]
2024-10-16 20:01:41.292 [warning] [Git][config] git config failed: Failed to execute git
2024-10-16 20:10:59.895 [info] > git config --get commit.template [5ms]
2024-10-16 20:10:59.896 [info] > git for-each-ref --format=%(refname)%00%(upstream:short)%00%(objectname)%00%(upstream:track)%00%(upstream:remotename)%00%(upstream:remoteref) refs/heads/main refs/remotes/main [1ms]
2024-10-16 20:10:59.899 [warning] [Git][revParse] Unable to read file: ENOENT: no such file or directory, open '/home/vscode/.nodenv/.git/refs/remotes/origin/main'
2024-10-16 20:10:59.900 [info] > git rev-parse refs/remotes/origin/main [1ms]
2024-10-16 20:10:59.911 [info] > git status -z -uall [7ms]
2024-10-16 20:10:59.913 [info] > git for-each-ref --sort -committerdate --format %(refname) %(objectname) %(*objectname) [3ms]
2024-10-16 20:11:19.527 [info] > git rev-parse --show-toplevel [1ms]
2024-10-16 20:11:19.533 [info] > git rev-parse --git-dir --git-common-dir [1ms]
2024-10-16 20:11:19.538 [info] [Model][openRepository] Opened repository: /home/vscode/.progate/origins/usrRvPyTAyYqE4M9BU2Qa/node_checker
2024-10-16 20:11:19.543 [warning] [Git][getRemotes] Error: ENOENT: no such file or directory, open '/home/vscode/.progate/origins/usrRvPyTAyYqE4M9BU2Qa/node_checker/.git/config'
2024-10-16 20:11:19.549 [info] > git config --get commit.template [1ms]
2024-10-16 20:11:19.549 [info] > git remote --verbose [6ms]
2024-10-16 20:11:19.555 [info] > git for-each-ref --format=%(refname)%00%(upstream:short)%00%(objectname)%00%(upstream:track)%00%(upstream:remotename)%00%(upstream:remoteref) refs/heads/master refs/remotes/master [2ms]
2024-10-16 20:11:19.564 [info] > git status -z -uall [5ms]
2024-10-16 20:11:19.565 [info] > git for-each-ref --sort -committerdate --format %(refname) %(objectname) %(*objectname) [2ms]
2024-10-16 20:11:19.582 [warning] [Git][getRemotes] Error: ENOENT: no such file or directory, open '/home/vscode/.progate/origins/usrRvPyTAyYqE4M9BU2Qa/node_checker/.git/config'
2024-10-16 20:11:19.587 [info] > git for-each-ref --format=%(refname)%00%(upstream:short)%00%(objectname)%00%(upstream:track)%00%(upstream:remotename)%00%(upstream:remoteref) refs/heads/master refs/remotes/master [16ms]
2024-10-16 20:11:19.593 [info] > git config --get commit.template [7ms]
2024-10-16 20:11:19.594 [info] > git remote --verbose [12ms]
2024-10-16 20:11:19.594 [info] > git config --local branch.master.vscode-merge-base [3ms]
2024-10-16 20:11:19.594 [warning] [Git][config] git config failed: Failed to execute git
2024-10-16 20:11:19.603 [info] > git reflog master --grep-reflog=branch: Created from *. [4ms]
2024-10-16 20:11:19.608 [info] > git for-each-ref --format=%(refname)%00%(upstream:short)%00%(objectname)%00%(upstream:track)%00%(upstream:remotename)%00%(upstream:remoteref) refs/heads/master refs/remotes/master [5ms]
2024-10-16 20:11:19.618 [info] > git status -z -uall [6ms]
2024-10-16 20:11:19.618 [info] > git symbolic-ref --short refs/remotes/origin/HEAD [11ms]
2024-10-16 20:11:19.618 [info] fatal: ref refs/remotes/origin/HEAD is not a symbolic ref
2024-10-16 20:11:19.618 [warning] [Repository][getDefaultBranch] Failed to get default branch details: Failed to execute git.
2024-10-16 20:11:19.619 [info] > git for-each-ref --sort -committerdate --format %(refname) %(objectname) %(*objectname) [2ms]
2024-10-16 20:11:19.990 [info] > git config --local branch.master.github-pr-owner-number [1ms]
2024-10-16 20:11:19.990 [warning] [Git][config] git config failed: Failed to execute git
2024-10-16 20:11:19.996 [info] > git config --local branch.master.remote [1ms]
2024-10-16 20:11:19.996 [warning] [Git][config] git config failed: Failed to execute git
2024-10-16 20:11:20.001 [info] > git config --local branch.master.merge [2ms]
2024-10-16 20:11:20.001 [warning] [Git][config] git config failed: Failed to execute git
2024-10-16 20:11:20.276 [info] > git check-ignore -v -z --stdin [10ms]
2024-10-16 20:11:20.276 [info] > git check-ignore -v -z --stdin [6ms]
2024-10-16 20:11:20.276 [info] > git check-ignore -v -z --stdin [1ms]
2024-10-16 20:17:40.967 [info] > git rev-parse --show-toplevel [2ms]
2024-10-16 20:17:40.972 [info] > git rev-parse --git-dir --git-common-dir [1ms]
2024-10-16 20:17:40.976 [info] [Model][openRepository] Opened repository: /home/vscode/.progate/origins/B9TXcM130gZ22p4lM1fo7/vscode_tutorial
2024-10-16 20:17:40.982 [warning] [Git][getRemotes] Error: ENOENT: no such file or directory, open '/home/vscode/.progate/origins/B9TXcM130gZ22p4lM1fo7/vscode_tutorial/.git/config'
2024-10-16 20:17:40.995 [info] > git rev-parse --show-toplevel [3ms]
2024-10-16 20:17:40.995 [info] fatal: not a git repository (or any of the parent directories): .git
2024-10-16 20:17:40.995 [info] > git config --get commit.template [8ms]
2024-10-16 20:17:40.995 [info] > git remote --verbose [13ms]
2024-10-16 20:17:41.002 [info] > git for-each-ref --format=%(refname)%00%(upstream:short)%00%(objectname)%00%(upstream:track)%00%(upstream:remotename)%00%(upstream:remoteref) refs/heads/master refs/remotes/master [2ms]
2024-10-16 20:17:41.014 [info] > git status -z -uall [6ms]
2024-10-16 20:17:41.016 [info] > git for-each-ref --sort -committerdate --format %(refname) %(objectname) %(*objectname) [3ms]
2024-10-16 20:17:41.033 [warning] [Git][getRemotes] Error: ENOENT: no such file or directory, open '/home/vscode/.progate/origins/B9TXcM130gZ22p4lM1fo7/vscode_tutorial/.git/config'
2024-10-16 20:17:41.038 [info] > git for-each-ref --format=%(refname)%00%(upstream:short)%00%(objectname)%00%(upstream:track)%00%(upstream:remotename)%00%(upstream:remoteref) refs/heads/master refs/remotes/master [11ms]
2024-10-16 20:17:41.042 [info] > git config --get commit.template [5ms]
2024-10-16 20:17:41.042 [info] > git remote --verbose [9ms]
2024-10-16 20:17:41.047 [info] > git config --local branch.master.vscode-merge-base [5ms]
2024-10-16 20:17:41.047 [warning] [Git][config] git config failed: Failed to execute git
2024-10-16 20:17:41.053 [info] > git for-each-ref --format=%(refname)%00%(upstream:short)%00%(objectname)%00%(upstream:track)%00%(upstream:remotename)%00%(upstream:remoteref) refs/heads/master refs/remotes/master [6ms]
2024-10-16 20:17:41.063 [info] > git status -z -uall [6ms]
2024-10-16 20:17:41.063 [info] > git reflog master --grep-reflog=branch: Created from *. [12ms]
2024-10-16 20:17:41.068 [info] > git for-each-ref --sort -committerdate --format %(refname) %(objectname) %(*objectname) [6ms]
2024-10-16 20:17:41.074 [info] > git symbolic-ref --short refs/remotes/origin/HEAD [6ms]
2024-10-16 20:17:41.074 [info] fatal: ref refs/remotes/origin/HEAD is not a symbolic ref
2024-10-16 20:17:41.074 [warning] [Repository][getDefaultBranch] Failed to get default branch details: Failed to execute git.
2024-10-16 20:17:41.075 [info] > git for-each-ref --format=%(refname)%00%(upstream:short)%00%(objectname)%00%(upstream:track)%00%(upstream:remotename)%00%(upstream:remoteref) refs/heads/master refs/remotes/master [3ms]
2024-10-16 20:17:41.081 [info] > git config --local branch.master.vscode-merge-base [2ms]
2024-10-16 20:17:41.081 [warning] [Git][config] git config failed: Failed to execute git
2024-10-16 20:17:41.093 [info] > git reflog master --grep-reflog=branch: Created from *. [4ms]
2024-10-16 20:17:41.099 [info] > git symbolic-ref --short refs/remotes/origin/HEAD [1ms]
2024-10-16 20:17:41.099 [info] fatal: ref refs/remotes/origin/HEAD is not a symbolic ref
2024-10-16 20:17:41.099 [warning] [Repository][getDefaultBranch] Failed to get default branch details: Failed to execute git.
2024-10-16 20:17:41.408 [info] > git config --local branch.master.github-pr-owner-number [2ms]
2024-10-16 20:17:41.408 [warning] [Git][config] git config failed: Failed to execute git
2024-10-16 20:17:41.413 [info] > git config --local branch.master.remote [1ms]
2024-10-16 20:17:41.414 [warning] [Git][config] git config failed: Failed to execute git
2024-10-16 20:17:41.419 [info] > git config --local branch.master.merge [2ms]
2024-10-16 20:17:41.419 [warning] [Git][config] git config failed: Failed to execute git
2024-10-16 20:17:41.623 [info] > git check-ignore -v -z --stdin [9ms]
2024-10-16 20:17:41.623 [info] > git check-ignore -v -z --stdin [5ms]
2024-10-16 20:17:41.624 [info] > git check-ignore -v -z --stdin [2ms]
2024-10-16 20:18:02.998 [info] > git rev-parse --show-toplevel [2ms]
2024-10-16 20:18:02.998 [info] fatal: not a git repository (or any of the parent directories): .git
2024-10-16 20:20:09.340 [info] > git rev-parse --show-toplevel [7ms]
2024-10-16 20:20:09.340 [info] fatal: not a git repository (or any of the parent directories): .git
2024-10-16 20:20:09.371 [info] > git rev-parse --show-toplevel [4ms]
2024-10-16 20:20:09.371 [info] fatal: not a git repository (or any of the parent directories): .git
2024-10-16 20:20:10.770 [info] > git rev-parse --show-toplevel [4ms]
2024-10-16 20:20:10.770 [info] fatal: not a git repository (or any of the parent directories): .git
2024-10-16 20:20:11.589 [info] > git rev-parse --show-toplevel [3ms]
2024-10-16 20:20:11.589 [info] fatal: not a git repository (or any of the parent directories): .git
2024-10-16 20:20:11.600 [info] > git rev-parse --show-toplevel [6ms]
2024-10-16 20:20:11.600 [info] fatal: not a git repository (or any of the parent directories): .git
2024-10-16 20:20:11.734 [info] > git rev-parse --show-toplevel [81ms]
2024-10-16 20:20:11.734 [info] fatal: not a git repository (or any of the parent directories): .git
2024-10-16 20:20:13.476 [info] > git rev-parse --show-toplevel [26ms]
2024-10-16 20:20:13.476 [info] fatal: not a git repository (or any of the parent directories): .git
2024-10-16 20:20:15.564 [info] > git rev-parse --show-toplevel [7ms]
2024-10-16 20:20:15.564 [info] fatal: not a git repository (or any of the parent directories): .git
