2024-10-17 09:39:51.919 [info] Reading sessions from keychain...
2024-10-17 09:39:51.919 [info] Getting sessions for all scopes...
2024-10-17 09:39:51.919 [info] Getting sessions for all scopes...
2024-10-17 09:39:51.919 [info] Getting sessions for user:email...
2024-10-17 09:39:51.938 [info] Got stored sessions!
2024-10-17 09:39:51.938 [info] Got 6 verified sessions.
2024-10-17 09:39:51.938 [info] Got 6 sessions for ...
2024-10-17 09:39:51.938 [info] Got 6 sessions for ...
2024-10-17 09:39:51.938 [info] Got 1 sessions for user:email...
2024-10-17 09:39:52.125 [info] Getting sessions for codespace,read:user,repo,user:email...
2024-10-17 09:39:52.125 [info] Getting sessions for all scopes...
2024-10-17 09:39:52.125 [info] Got 1 sessions for codespace,read:user,repo,user:email...
2024-10-17 09:39:52.125 [info] Got 6 sessions for ...
2024-10-17 09:39:52.257 [info] Getting sessions for all scopes...
2024-10-17 09:39:52.257 [info] Got 6 sessions for ...
2024-10-17 09:39:53.321 [info] Getting sessions for all scopes...
2024-10-17 09:39:53.321 [info] Got 6 sessions for ...
2024-10-17 09:39:53.739 [info] Getting sessions for all scopes...
2024-10-17 09:39:53.740 [info] Got 6 sessions for ...
2024-10-17 09:39:54.221 [info] Getting sessions for all scopes...
2024-10-17 09:39:54.222 [info] Got 6 sessions for ...
2024-10-17 09:39:54.519 [info] Getting sessions for read:user,repo,user:email,workflow...
2024-10-17 09:39:54.519 [info] Getting sessions for all scopes...
2024-10-17 09:39:54.519 [info] Got 1 sessions for read:user,repo,user:email,workflow...
2024-10-17 09:39:54.520 [info] Got 6 sessions for ...
2024-10-17 09:39:54.612 [info] Getting sessions for all scopes...
2024-10-17 09:39:54.613 [info] Getting sessions for all scopes...
2024-10-17 09:39:54.613 [info] Got 6 sessions for ...
2024-10-17 09:39:54.613 [info] Got 6 sessions for ...
2024-10-17 09:39:55.086 [info] Getting sessions for project,read:org,read:user,repo,user:email,workflow...
2024-10-17 09:39:55.086 [info] Got 0 sessions for project,read:org,read:user,repo,user:email,workflow...
2024-10-17 09:39:56.970 [info] Getting sessions for read:user,repo,user:email,workflow...
2024-10-17 09:39:56.970 [info] Got 1 sessions for read:user,repo,user:email,workflow...
2024-10-17 09:39:57.088 [info] Getting sessions for read:user,repo,user:email,workflow...
2024-10-17 09:39:57.088 [info] Got 1 sessions for read:user,repo,user:email,workflow...
2024-10-17 09:39:57.370 [info] Getting sessions for all scopes...
2024-10-17 09:39:57.370 [info] Getting sessions for all scopes...
2024-10-17 09:39:57.370 [info] Got 6 sessions for ...
2024-10-17 09:39:57.370 [info] Got 6 sessions for ...
2024-10-17 09:39:58.304 [info] Getting sessions for read:user,repo,user:email,workflow...
2024-10-17 09:39:58.304 [info] Got 1 sessions for read:user,repo,user:email,workflow...
2024-10-17 09:40:00.792 [info] Getting sessions for all scopes...
2024-10-17 09:40:00.792 [info] Got 6 sessions for ...
2024-10-17 09:40:01.271 [info] Getting sessions for read:user,repo,user:email,workflow...
2024-10-17 09:40:01.271 [info] Got 1 sessions for read:user,repo,user:email,workflow...
2024-10-17 09:40:01.534 [info] Getting sessions for read:user,repo,user:email,workflow...
2024-10-17 09:40:01.534 [info] Got 1 sessions for read:user,repo,user:email,workflow...
2024-10-17 09:40:01.676 [info] Getting sessions for all scopes...
2024-10-17 09:40:01.676 [info] Got 6 sessions for ...
2024-10-17 09:40:02.089 [info] Getting sessions for read:user,repo,user:email,workflow...
2024-10-17 09:40:02.089 [info] Got 1 sessions for read:user,repo,user:email,workflow...
