2024-10-17 09:32:10.692 [info] Reading sessions from keychain...
2024-10-17 09:32:10.692 [info] Getting sessions for all scopes...
2024-10-17 09:32:10.692 [info] Getting sessions for all scopes...
2024-10-17 09:32:10.692 [info] Getting sessions for user:email...
2024-10-17 09:32:10.692 [info] Got stored sessions!
2024-10-17 09:32:10.692 [info] Got 6 verified sessions.
2024-10-17 09:32:10.692 [info] Got 6 sessions for ...
2024-10-17 09:32:10.692 [info] Got 6 sessions for ...
2024-10-17 09:32:10.692 [info] Got 1 sessions for user:email...
2024-10-17 09:32:11.650 [info] Getting sessions for codespace,read:user,repo,user:email...
2024-10-17 09:32:11.650 [info] Getting sessions for all scopes...
2024-10-17 09:32:11.650 [info] Got 1 sessions for codespace,read:user,repo,user:email...
2024-10-17 09:32:11.650 [info] Got 6 sessions for ...
2024-10-17 09:32:11.847 [info] Getting sessions for all scopes...
2024-10-17 09:32:11.847 [info] Got 6 sessions for ...
2024-10-17 09:32:12.222 [info] Getting sessions for all scopes...
2024-10-17 09:32:12.222 [info] Got 6 sessions for ...
2024-10-17 09:32:13.596 [info] Getting sessions for all scopes...
2024-10-17 09:32:13.599 [info] Got 6 sessions for ...
2024-10-17 09:32:15.196 [info] Getting sessions for all scopes...
2024-10-17 09:32:15.197 [info] Got 6 sessions for ...
2024-10-17 09:32:15.685 [info] Getting sessions for read:user,repo,user:email,workflow...
2024-10-17 09:32:15.685 [info] Getting sessions for all scopes...
2024-10-17 09:32:15.685 [info] Got 1 sessions for read:user,repo,user:email,workflow...
2024-10-17 09:32:15.686 [info] Got 6 sessions for ...
2024-10-17 09:32:15.990 [info] Getting sessions for all scopes...
2024-10-17 09:32:15.990 [info] Getting sessions for all scopes...
2024-10-17 09:32:15.990 [info] Got 6 sessions for ...
2024-10-17 09:32:15.990 [info] Got 6 sessions for ...
2024-10-17 09:32:16.567 [info] Getting sessions for project,read:org,read:user,repo,user:email,workflow...
2024-10-17 09:32:16.568 [info] Got 0 sessions for project,read:org,read:user,repo,user:email,workflow...
2024-10-17 09:32:16.939 [info] Getting sessions for read:user,repo,user:email,workflow...
2024-10-17 09:32:16.939 [info] Got 1 sessions for read:user,repo,user:email,workflow...
2024-10-17 09:32:20.430 [info] Getting sessions for read:user,repo,user:email,workflow...
2024-10-17 09:32:20.430 [info] Got 1 sessions for read:user,repo,user:email,workflow...
2024-10-17 09:32:20.849 [info] Getting sessions for all scopes...
2024-10-17 09:32:20.849 [info] Getting sessions for all scopes...
2024-10-17 09:32:20.849 [info] Got 6 sessions for ...
2024-10-17 09:32:20.849 [info] Got 6 sessions for ...
2024-10-17 09:32:27.001 [info] Getting sessions for read:user,repo,user:email,workflow...
2024-10-17 09:32:27.001 [info] Got 1 sessions for read:user,repo,user:email,workflow...
2024-10-17 09:32:29.360 [info] Getting sessions for all scopes...
2024-10-17 09:32:29.360 [info] Got 6 sessions for ...
2024-10-17 09:32:30.011 [info] Getting sessions for read:user,repo,user:email,workflow...
2024-10-17 09:32:30.011 [info] Got 1 sessions for read:user,repo,user:email,workflow...
2024-10-17 09:32:30.456 [info] Getting sessions for read:user,repo,user:email,workflow...
2024-10-17 09:32:30.456 [info] Got 1 sessions for read:user,repo,user:email,workflow...
2024-10-17 09:32:30.581 [info] Getting sessions for all scopes...
2024-10-17 09:32:30.581 [info] Got 6 sessions for ...
2024-10-17 09:32:31.063 [info] Getting sessions for read:user,repo,user:email,workflow...
2024-10-17 09:32:31.063 [info] Got 1 sessions for read:user,repo,user:email,workflow...
