2024-10-17 10:28:05.228 [info] Reading sessions from keychain...
2024-10-17 10:28:05.228 [info] Getting sessions for all scopes...
2024-10-17 10:28:05.228 [info] Getting sessions for all scopes...
2024-10-17 10:28:05.228 [info] Getting sessions for user:email...
2024-10-17 10:28:05.228 [info] Got stored sessions!
2024-10-17 10:28:05.229 [info] Got 6 verified sessions.
2024-10-17 10:28:05.229 [info] Got 6 sessions for ...
2024-10-17 10:28:05.229 [info] Got 6 sessions for ...
2024-10-17 10:28:05.229 [info] Got 1 sessions for user:email...
2024-10-17 10:28:05.521 [info] Getting sessions for codespace,read:user,repo,user:email...
2024-10-17 10:28:05.521 [info] Getting sessions for all scopes...
2024-10-17 10:28:05.521 [info] Got 1 sessions for codespace,read:user,repo,user:email...
2024-10-17 10:28:05.521 [info] Got 6 sessions for ...
2024-10-17 10:28:05.775 [info] Getting sessions for all scopes...
2024-10-17 10:28:05.775 [info] Got 6 sessions for ...
2024-10-17 10:28:06.450 [info] Getting sessions for all scopes...
2024-10-17 10:28:06.451 [info] Got 6 sessions for ...
2024-10-17 10:28:06.656 [info] Getting sessions for all scopes...
2024-10-17 10:28:06.657 [info] Got 6 sessions for ...
2024-10-17 10:28:07.249 [info] Getting sessions for all scopes...
2024-10-17 10:28:07.249 [info] Got 6 sessions for ...
2024-10-17 10:28:07.658 [info] Getting sessions for read:user,repo,user:email,workflow...
2024-10-17 10:28:07.658 [info] Getting sessions for all scopes...
2024-10-17 10:28:07.658 [info] Got 1 sessions for read:user,repo,user:email,workflow...
2024-10-17 10:28:07.658 [info] Got 6 sessions for ...
2024-10-17 10:28:07.733 [info] Getting sessions for all scopes...
2024-10-17 10:28:07.733 [info] Getting sessions for all scopes...
2024-10-17 10:28:07.733 [info] Got 6 sessions for ...
2024-10-17 10:28:07.733 [info] Got 6 sessions for ...
2024-10-17 10:28:08.346 [info] Getting sessions for project,read:org,read:user,repo,user:email,workflow...
2024-10-17 10:28:08.346 [info] Got 0 sessions for project,read:org,read:user,repo,user:email,workflow...
2024-10-17 10:28:08.476 [info] Getting sessions for read:user,repo,user:email,workflow...
2024-10-17 10:28:08.476 [info] Got 1 sessions for read:user,repo,user:email,workflow...
2024-10-17 10:28:09.987 [info] Getting sessions for read:user,repo,user:email,workflow...
2024-10-17 10:28:09.987 [info] Got 1 sessions for read:user,repo,user:email,workflow...
2024-10-17 10:28:10.115 [info] Getting sessions for all scopes...
2024-10-17 10:28:10.115 [info] Getting sessions for all scopes...
2024-10-17 10:28:10.115 [info] Got 6 sessions for ...
2024-10-17 10:28:10.115 [info] Got 6 sessions for ...
2024-10-17 10:28:10.950 [info] Getting sessions for read:user,repo,user:email,workflow...
2024-10-17 10:28:10.950 [info] Got 1 sessions for read:user,repo,user:email,workflow...
2024-10-17 10:28:13.168 [info] Getting sessions for all scopes...
2024-10-17 10:28:13.168 [info] Got 6 sessions for ...
2024-10-17 10:28:13.535 [info] Getting sessions for read:user,repo,user:email,workflow...
2024-10-17 10:28:13.535 [info] Got 1 sessions for read:user,repo,user:email,workflow...
2024-10-17 10:28:13.875 [info] Getting sessions for read:user,repo,user:email,workflow...
2024-10-17 10:28:13.875 [info] Got 1 sessions for read:user,repo,user:email,workflow...
2024-10-17 10:28:13.897 [info] Getting sessions for all scopes...
2024-10-17 10:28:13.897 [info] Got 6 sessions for ...
2024-10-17 10:28:14.397 [info] Getting sessions for read:user,repo,user:email,workflow...
2024-10-17 10:28:14.398 [info] Got 1 sessions for read:user,repo,user:email,workflow...
