2024-10-16 20:01:29.556 [warning] /home/vscode/.ssh/config: ENOENT: no such file or directory, open '/home/vscode/.ssh/config'
2024-10-16 20:01:29.556 [info] Activation> Extension version: 0.98.0
2024-10-16 20:01:36.040 [info] Looking for git repository
2024-10-16 20:01:36.040 [info] Found 0 repositories during activation
2024-10-16 20:01:36.040 [info] Git repository found, initializing review manager and pr tree view.
2024-10-16 20:01:36.060 [info] Registering git provider
2024-10-16 20:01:36.060 [info] Review+0> Validate state in progress
2024-10-16 20:01:36.060 [info] Review+0> Validating state...
2024-10-16 20:01:36.060 [info] Review+1> Validate state in progress
2024-10-16 20:01:36.060 [info] Review+1> Validating state...
2024-10-16 20:01:36.060 [info] Review+2> Validate state in progress
2024-10-16 20:01:36.060 [info] Review+2> Validating state...
2024-10-16 20:01:36.204 [info] Repo state for file:///home/vscode/.oh-my-zsh changed.
2024-10-16 20:01:36.204 [info] Repo file:///home/vscode/.oh-my-zsh has already been setup.
2024-10-16 20:01:36.267 [info] Found GitHub remote for folder /home/vscode/environment
2024-10-16 20:01:36.267 [info] Found GitHub remote for folder /home/vscode/.oh-my-zsh
2024-10-16 20:01:36.267 [info] Found GitHub remote for folder /home/vscode/.nodenv
2024-10-16 20:01:36.442 [info] Repo state for file:///home/vscode/environment changed.
2024-10-16 20:01:36.442 [info] Repo file:///home/vscode/environment has already been setup.
2024-10-16 20:01:40.548 [info] Trying to use globalState for assignableUsers.
2024-10-16 20:01:40.817 [info] Trying to use globalState for assignableUsers.
2024-10-16 20:01:40.993 [info] Trying to use globalState for assignableUsers.
2024-10-16 20:01:41.202 [info] Review+2> No matching pull request metadata found locally for current branch main
2024-10-16 20:01:41.250 [info] Review+0> No matching pull request metadata found locally for current branch main
2024-10-16 20:01:41.293 [info] Review+1> No matching pull request metadata found locally for current branch master
2024-10-16 20:01:42.025 [info] Review+0> No matching pull request metadata found on GitHub for current branch main
2024-10-16 20:01:42.063 [info] Review+2> No matching pull request metadata found on GitHub for current branch main
2024-10-16 20:01:42.064 [info] Using globalState assignableUsers for 1.
2024-10-16 20:01:42.118 [info] Using globalState assignableUsers for 1.
2024-10-16 20:01:42.163 [info] Using globalState assignableUsers for 1.
2024-10-16 20:01:42.331 [info] Review+1> No matching pull request metadata found on GitHub for current branch master
2024-10-16 20:10:59.915 [info] Repo state for file:///home/vscode/.nodenv changed.
2024-10-16 20:10:59.915 [info] Repo file:///home/vscode/.nodenv has already been setup.
2024-10-16 20:11:19.538 [info] Repository file:///home/vscode/.progate/origins/usrRvPyTAyYqE4M9BU2Qa/node_checker has been opened
2024-10-16 20:11:19.538 [info] Review+3> Validate state in progress
2024-10-16 20:11:19.538 [info] Review+3> Validating state...
2024-10-16 20:11:19.538 [warning] No remotes found. The following remotes are missing: origin, upstream
2024-10-16 20:11:19.538 [info] No GitHub remotes found for folder /home/vscode/.progate/origins/usrRvPyTAyYqE4M9BU2Qa/node_checker
2024-10-16 20:11:19.568 [info] Review+3> Queuing additional validate state
2024-10-16 20:11:19.568 [info] Repo state for file:///home/vscode/.progate/origins/usrRvPyTAyYqE4M9BU2Qa/node_checker changed.
2024-10-16 20:11:19.568 [info] Repo file:///home/vscode/.progate/origins/usrRvPyTAyYqE4M9BU2Qa/node_checker has already been setup.
2024-10-16 20:11:19.984 [info] Review+3> Validating state...
2024-10-16 20:11:19.984 [warning] No remotes found. The following remotes are missing: origin, upstream
2024-10-16 20:11:19.984 [info] No GitHub remotes found for folder /home/vscode/.progate/origins/usrRvPyTAyYqE4M9BU2Qa/node_checker
2024-10-16 20:11:19.994 [info] Review+3> No matching pull request metadata found locally for current branch master
2024-10-16 20:11:20.001 [info] Review+3> No matching pull request metadata found on GitHub for current branch master
2024-10-16 20:17:40.976 [info] Repository file:///home/vscode/.progate/origins/B9TXcM130gZ22p4lM1fo7/vscode_tutorial has been opened
2024-10-16 20:17:40.976 [info] Review+4> Validate state in progress
2024-10-16 20:17:40.976 [info] Review+4> Validating state...
2024-10-16 20:17:40.977 [warning] No remotes found. The following remotes are missing: origin, upstream
2024-10-16 20:17:40.977 [info] No GitHub remotes found for folder /home/vscode/.progate/origins/B9TXcM130gZ22p4lM1fo7/vscode_tutorial
2024-10-16 20:17:41.018 [info] Review+4> Queuing additional validate state
2024-10-16 20:17:41.018 [info] Repo state for file:///home/vscode/.progate/origins/B9TXcM130gZ22p4lM1fo7/vscode_tutorial changed.
2024-10-16 20:17:41.018 [info] Repo file:///home/vscode/.progate/origins/B9TXcM130gZ22p4lM1fo7/vscode_tutorial has already been setup.
2024-10-16 20:17:41.401 [info] Review+4> Validating state...
2024-10-16 20:17:41.401 [warning] No remotes found. The following remotes are missing: origin, upstream
2024-10-16 20:17:41.401 [info] No GitHub remotes found for folder /home/vscode/.progate/origins/B9TXcM130gZ22p4lM1fo7/vscode_tutorial
2024-10-16 20:17:41.412 [info] Review+4> No matching pull request metadata found locally for current branch master
2024-10-16 20:17:41.419 [info] Review+4> No matching pull request metadata found on GitHub for current branch master
