2024-10-16 20:18:13.909 [info] Reading sessions from keychain...
2024-10-16 20:18:13.909 [info] Getting sessions for all scopes...
2024-10-16 20:18:13.909 [info] Getting sessions for all scopes...
2024-10-16 20:18:13.909 [info] Getting sessions for user:email...
2024-10-16 20:18:13.909 [info] Got stored sessions!
2024-10-16 20:18:13.909 [info] Got 6 verified sessions.
2024-10-16 20:18:13.909 [info] Got 6 sessions for ...
2024-10-16 20:18:13.909 [info] Got 6 sessions for ...
2024-10-16 20:18:13.909 [info] Got 1 sessions for user:email...
2024-10-16 20:18:15.001 [info] Getting sessions for codespace,read:user,repo,user:email...
2024-10-16 20:18:15.002 [info] Getting sessions for all scopes...
2024-10-16 20:18:15.002 [info] Got 1 sessions for codespace,read:user,repo,user:email...
2024-10-16 20:18:15.002 [info] Got 6 sessions for ...
2024-10-16 20:18:15.290 [info] Getting sessions for all scopes...
2024-10-16 20:18:15.291 [info] Got 6 sessions for ...
2024-10-16 20:18:15.631 [info] Getting sessions for all scopes...
2024-10-16 20:18:15.632 [info] Got 6 sessions for ...
2024-10-16 20:18:16.132 [info] Getting sessions for read:user,repo,user:email,workflow...
2024-10-16 20:18:16.133 [info] Getting sessions for all scopes...
2024-10-16 20:18:16.133 [info] Got 1 sessions for read:user,repo,user:email,workflow...
2024-10-16 20:18:16.133 [info] Got 6 sessions for ...
2024-10-16 20:18:16.375 [info] Getting sessions for all scopes...
2024-10-16 20:18:16.375 [info] Getting sessions for all scopes...
2024-10-16 20:18:16.375 [info] Getting sessions for all scopes...
2024-10-16 20:18:16.376 [info] Got 6 sessions for ...
2024-10-16 20:18:16.376 [info] Got 6 sessions for ...
2024-10-16 20:18:16.377 [info] Got 6 sessions for ...
2024-10-16 20:18:16.556 [info] Getting sessions for project,read:org,read:user,repo,user:email,workflow...
2024-10-16 20:18:16.556 [info] Getting sessions for all scopes...
2024-10-16 20:18:16.556 [info] Got 0 sessions for project,read:org,read:user,repo,user:email,workflow...
2024-10-16 20:18:16.556 [info] Got 6 sessions for ...
2024-10-16 20:18:16.746 [info] Getting sessions for read:user,repo,user:email,workflow...
2024-10-16 20:18:16.746 [info] Got 1 sessions for read:user,repo,user:email,workflow...
2024-10-16 20:18:16.857 [info] Getting sessions for read:user,repo,user:email,workflow...
2024-10-16 20:18:16.857 [info] Got 1 sessions for read:user,repo,user:email,workflow...
2024-10-16 20:18:18.340 [info] Getting sessions for all scopes...
2024-10-16 20:18:18.340 [info] Getting sessions for all scopes...
2024-10-16 20:18:18.340 [info] Got 6 sessions for ...
2024-10-16 20:18:18.340 [info] Got 6 sessions for ...
2024-10-16 20:18:18.863 [info] Getting sessions for read:user,repo,user:email,workflow...
2024-10-16 20:18:18.863 [info] Got 1 sessions for read:user,repo,user:email,workflow...
2024-10-16 20:18:19.778 [info] Getting sessions for all scopes...
2024-10-16 20:18:19.778 [info] Got 6 sessions for ...
2024-10-16 20:18:20.144 [info] Getting sessions for read:user,repo,user:email,workflow...
2024-10-16 20:18:20.144 [info] Got 1 sessions for read:user,repo,user:email,workflow...
2024-10-16 20:18:20.247 [info] Getting sessions for read:user,repo,user:email,workflow...
2024-10-16 20:18:20.247 [info] Got 1 sessions for read:user,repo,user:email,workflow...
2024-10-16 20:18:20.479 [info] Getting sessions for all scopes...
2024-10-16 20:18:20.479 [info] Got 6 sessions for ...
2024-10-16 20:18:20.819 [info] Getting sessions for read:user,repo,user:email,workflow...
2024-10-16 20:18:20.819 [info] Got 1 sessions for read:user,repo,user:email,workflow...
