2024-10-16 21:03:29.290 [info] Reading sessions from keychain...
2024-10-16 21:03:29.290 [info] Getting sessions for all scopes...
2024-10-16 21:03:29.290 [info] Getting sessions for all scopes...
2024-10-16 21:03:29.290 [info] Getting sessions for user:email...
2024-10-16 21:03:29.299 [info] Got stored sessions!
2024-10-16 21:03:29.299 [info] Got 6 verified sessions.
2024-10-16 21:03:29.300 [info] Got 6 sessions for ...
2024-10-16 21:03:29.300 [info] Got 6 sessions for ...
2024-10-16 21:03:29.300 [info] Got 1 sessions for user:email...
2024-10-16 21:03:29.415 [info] Getting sessions for codespace,read:user,repo,user:email...
2024-10-16 21:03:29.415 [info] Got 1 sessions for codespace,read:user,repo,user:email...
2024-10-16 21:03:29.418 [info] Getting sessions for all scopes...
2024-10-16 21:03:29.418 [info] Got 6 sessions for ...
2024-10-16 21:03:29.708 [info] Getting sessions for all scopes...
2024-10-16 21:03:29.708 [info] Got 6 sessions for ...
2024-10-16 21:03:30.838 [info] Getting sessions for all scopes...
2024-10-16 21:03:30.838 [info] Got 6 sessions for ...
2024-10-16 21:03:31.127 [info] Getting sessions for all scopes...
2024-10-16 21:03:31.127 [info] Got 6 sessions for ...
2024-10-16 21:03:31.856 [info] Getting sessions for read:user,repo,user:email,workflow...
2024-10-16 21:03:31.856 [info] Getting sessions for all scopes...
2024-10-16 21:03:31.856 [info] Got 1 sessions for read:user,repo,user:email,workflow...
2024-10-16 21:03:31.856 [info] Got 6 sessions for ...
2024-10-16 21:03:32.004 [info] Getting sessions for all scopes...
2024-10-16 21:03:32.005 [info] Getting sessions for all scopes...
2024-10-16 21:03:32.005 [info] Getting sessions for all scopes...
2024-10-16 21:03:32.005 [info] Got 6 sessions for ...
2024-10-16 21:03:32.005 [info] Got 6 sessions for ...
2024-10-16 21:03:32.005 [info] Got 6 sessions for ...
2024-10-16 21:03:32.346 [info] Getting sessions for project,read:org,read:user,repo,user:email,workflow...
2024-10-16 21:03:32.347 [info] Got 0 sessions for project,read:org,read:user,repo,user:email,workflow...
2024-10-16 21:03:32.555 [info] Getting sessions for read:user,repo,user:email,workflow...
2024-10-16 21:03:32.555 [info] Got 1 sessions for read:user,repo,user:email,workflow...
2024-10-16 21:03:32.651 [info] Getting sessions for read:user,repo,user:email,workflow...
2024-10-16 21:03:32.651 [info] Got 1 sessions for read:user,repo,user:email,workflow...
2024-10-16 21:03:34.012 [info] Getting sessions for all scopes...
2024-10-16 21:03:34.012 [info] Getting sessions for all scopes...
2024-10-16 21:03:34.012 [info] Got 6 sessions for ...
2024-10-16 21:03:34.012 [info] Got 6 sessions for ...
2024-10-16 21:03:34.690 [info] Getting sessions for read:user,repo,user:email,workflow...
2024-10-16 21:03:34.690 [info] Got 1 sessions for read:user,repo,user:email,workflow...
2024-10-16 21:03:37.606 [info] Getting sessions for all scopes...
2024-10-16 21:03:37.607 [info] Got 6 sessions for ...
2024-10-16 21:03:37.908 [info] Getting sessions for read:user,repo,user:email,workflow...
2024-10-16 21:03:37.908 [info] Got 1 sessions for read:user,repo,user:email,workflow...
2024-10-16 21:03:37.909 [info] Getting sessions for read:user,repo,user:email,workflow...
2024-10-16 21:03:37.909 [info] Got 1 sessions for read:user,repo,user:email,workflow...
2024-10-16 21:03:38.252 [info] Getting sessions for all scopes...
2024-10-16 21:03:38.252 [info] Got 6 sessions for ...
2024-10-16 21:03:38.610 [info] Getting sessions for read:user,repo,user:email,workflow...
2024-10-16 21:03:38.610 [info] Got 1 sessions for read:user,repo,user:email,workflow...
