2024-10-17 09:32:10.192 [info] Reading sessions from keychain...
2024-10-17 09:32:10.192 [info] Getting sessions for all scopes...
2024-10-17 09:32:10.192 [info] Getting sessions for all scopes...
2024-10-17 09:32:10.192 [info] Getting sessions for user:email...
2024-10-17 09:32:10.192 [info] Got stored sessions!
2024-10-17 09:32:10.192 [info] Got 6 verified sessions.
2024-10-17 09:32:10.192 [info] Got 6 sessions for ...
2024-10-17 09:32:10.192 [info] Got 6 sessions for ...
2024-10-17 09:32:10.192 [info] Got 1 sessions for user:email...
2024-10-17 09:32:11.017 [info] Getting sessions for codespace,read:user,repo,user:email...
2024-10-17 09:32:11.017 [info] Got 1 sessions for codespace,read:user,repo,user:email...
2024-10-17 09:32:11.029 [info] Getting sessions for all scopes...
2024-10-17 09:32:11.029 [info] Got 6 sessions for ...
2024-10-17 09:32:11.200 [info] Getting sessions for all scopes...
2024-10-17 09:32:11.201 [info] Got 6 sessions for ...
2024-10-17 09:32:12.525 [info] Getting sessions for all scopes...
2024-10-17 09:32:12.525 [info] Got 6 sessions for ...
2024-10-17 09:32:12.917 [info] Getting sessions for all scopes...
2024-10-17 09:32:12.918 [info] Got 6 sessions for ...
2024-10-17 09:32:14.019 [info] Getting sessions for all scopes...
2024-10-17 09:32:14.020 [info] Got 6 sessions for ...
2024-10-17 09:32:14.437 [info] Getting sessions for read:user,repo,user:email,workflow...
2024-10-17 09:32:14.437 [info] Getting sessions for all scopes...
2024-10-17 09:32:14.437 [info] Got 1 sessions for read:user,repo,user:email,workflow...
2024-10-17 09:32:14.437 [info] Got 6 sessions for ...
2024-10-17 09:32:14.977 [info] Getting sessions for all scopes...
2024-10-17 09:32:14.977 [info] Getting sessions for all scopes...
2024-10-17 09:32:14.977 [info] Got 6 sessions for ...
2024-10-17 09:32:14.977 [info] Got 6 sessions for ...
2024-10-17 09:32:15.784 [info] Getting sessions for project,read:org,read:user,repo,user:email,workflow...
2024-10-17 09:32:15.784 [info] Got 0 sessions for project,read:org,read:user,repo,user:email,workflow...
2024-10-17 09:32:16.117 [info] Getting sessions for read:user,repo,user:email,workflow...
2024-10-17 09:32:16.117 [info] Got 1 sessions for read:user,repo,user:email,workflow...
2024-10-17 09:32:19.867 [info] Getting sessions for read:user,repo,user:email,workflow...
2024-10-17 09:32:19.867 [info] Got 1 sessions for read:user,repo,user:email,workflow...
2024-10-17 09:32:20.323 [info] Getting sessions for all scopes...
2024-10-17 09:32:20.323 [info] Getting sessions for all scopes...
2024-10-17 09:32:20.323 [info] Got 6 sessions for ...
2024-10-17 09:32:20.323 [info] Got 6 sessions for ...
2024-10-17 09:32:21.668 [info] Getting sessions for read:user,repo,user:email,workflow...
2024-10-17 09:32:21.668 [info] Got 1 sessions for read:user,repo,user:email,workflow...
2024-10-17 09:32:27.681 [info] Getting sessions for all scopes...
2024-10-17 09:32:27.681 [info] Got 6 sessions for ...
2024-10-17 09:32:28.139 [info] Getting sessions for read:user,repo,user:email,workflow...
2024-10-17 09:32:28.139 [info] Getting sessions for read:user,repo,user:email,workflow...
2024-10-17 09:32:28.139 [info] Got 1 sessions for read:user,repo,user:email,workflow...
2024-10-17 09:32:28.139 [info] Got 1 sessions for read:user,repo,user:email,workflow...
2024-10-17 09:32:29.693 [info] Getting sessions for all scopes...
2024-10-17 09:32:29.693 [info] Got 6 sessions for ...
2024-10-17 09:32:30.179 [info] Getting sessions for read:user,repo,user:email,workflow...
2024-10-17 09:32:30.179 [info] Got 1 sessions for read:user,repo,user:email,workflow...
