2024-10-17 10:48:30.534 [info] Reading sessions from keychain...
2024-10-17 10:48:30.534 [info] Getting sessions for all scopes...
2024-10-17 10:48:30.534 [info] Getting sessions for all scopes...
2024-10-17 10:48:30.534 [info] Getting sessions for user:email...
2024-10-17 10:48:30.549 [info] Got stored sessions!
2024-10-17 10:48:30.549 [info] Got 6 verified sessions.
2024-10-17 10:48:30.549 [info] Got 6 sessions for ...
2024-10-17 10:48:30.549 [info] Got 6 sessions for ...
2024-10-17 10:48:30.549 [info] Got 1 sessions for user:email...
2024-10-17 10:48:30.673 [info] Getting sessions for codespace,read:user,repo,user:email...
2024-10-17 10:48:30.674 [info] Got 1 sessions for codespace,read:user,repo,user:email...
2024-10-17 10:48:30.674 [info] Getting sessions for all scopes...
2024-10-17 10:48:30.674 [info] Got 6 sessions for ...
2024-10-17 10:48:30.809 [info] Getting sessions for all scopes...
2024-10-17 10:48:30.809 [info] Got 6 sessions for ...
2024-10-17 10:48:31.074 [info] Getting sessions for all scopes...
2024-10-17 10:48:31.074 [info] Got 6 sessions for ...
2024-10-17 10:48:31.749 [info] Getting sessions for all scopes...
2024-10-17 10:48:31.750 [info] Got 6 sessions for ...
2024-10-17 10:48:32.000 [info] Getting sessions for all scopes...
2024-10-17 10:48:32.000 [info] Got 6 sessions for ...
2024-10-17 10:48:32.270 [info] Getting sessions for all scopes...
2024-10-17 10:48:32.270 [info] Got 6 sessions for ...
2024-10-17 10:48:32.924 [info] Getting sessions for read:user,repo,user:email,workflow...
2024-10-17 10:48:32.933 [info] Got 1 sessions for read:user,repo,user:email,workflow...
2024-10-17 10:48:33.707 [info] Getting sessions for all scopes...
2024-10-17 10:48:33.707 [info] Getting sessions for all scopes...
2024-10-17 10:48:33.707 [info] Got 6 sessions for ...
2024-10-17 10:48:33.707 [info] Got 6 sessions for ...
2024-10-17 10:48:33.848 [info] Getting sessions for project,read:org,read:user,repo,user:email,workflow...
2024-10-17 10:48:33.848 [info] Got 0 sessions for project,read:org,read:user,repo,user:email,workflow...
2024-10-17 10:48:35.236 [info] Getting sessions for read:user,repo,user:email,workflow...
2024-10-17 10:48:35.236 [info] Got 1 sessions for read:user,repo,user:email,workflow...
2024-10-17 10:48:35.629 [info] Getting sessions for read:user,repo,user:email,workflow...
2024-10-17 10:48:35.629 [info] Got 1 sessions for read:user,repo,user:email,workflow...
2024-10-17 10:48:35.907 [info] Getting sessions for all scopes...
2024-10-17 10:48:35.907 [info] Getting sessions for all scopes...
2024-10-17 10:48:35.907 [info] Got 6 sessions for ...
2024-10-17 10:48:35.907 [info] Got 6 sessions for ...
2024-10-17 10:48:36.691 [info] Getting sessions for read:user,repo,user:email,workflow...
2024-10-17 10:48:36.691 [info] Got 1 sessions for read:user,repo,user:email,workflow...
2024-10-17 10:48:39.270 [info] Getting sessions for all scopes...
2024-10-17 10:48:39.270 [info] Got 6 sessions for ...
2024-10-17 10:48:39.619 [info] Getting sessions for read:user,repo,user:email,workflow...
2024-10-17 10:48:39.619 [info] Got 1 sessions for read:user,repo,user:email,workflow...
2024-10-17 10:48:39.746 [info] Getting sessions for read:user,repo,user:email,workflow...
2024-10-17 10:48:39.747 [info] Got 1 sessions for read:user,repo,user:email,workflow...
2024-10-17 10:48:40.049 [info] Getting sessions for all scopes...
2024-10-17 10:48:40.049 [info] Got 6 sessions for ...
2024-10-17 10:48:40.407 [info] Getting sessions for read:user,repo,user:email,workflow...
2024-10-17 10:48:40.407 [info] Got 1 sessions for read:user,repo,user:email,workflow...
