2024-10-17 09:57:54.903 [info] Reading sessions from keychain...
2024-10-17 09:57:54.903 [info] Getting sessions for all scopes...
2024-10-17 09:57:54.903 [info] Getting sessions for all scopes...
2024-10-17 09:57:54.903 [info] Getting sessions for user:email...
2024-10-17 09:57:54.903 [info] Got stored sessions!
2024-10-17 09:57:54.903 [info] Got 6 verified sessions.
2024-10-17 09:57:54.903 [info] Got 6 sessions for ...
2024-10-17 09:57:54.903 [info] Got 6 sessions for ...
2024-10-17 09:57:54.903 [info] Got 1 sessions for user:email...
2024-10-17 09:57:55.013 [info] Getting sessions for codespace,read:user,repo,user:email...
2024-10-17 09:57:55.013 [info] Getting sessions for all scopes...
2024-10-17 09:57:55.013 [info] Got 1 sessions for codespace,read:user,repo,user:email...
2024-10-17 09:57:55.013 [info] Got 6 sessions for ...
2024-10-17 09:57:55.223 [info] Getting sessions for all scopes...
2024-10-17 09:57:55.223 [info] Got 6 sessions for ...
2024-10-17 09:57:55.402 [info] Getting sessions for all scopes...
2024-10-17 09:57:55.403 [info] Got 6 sessions for ...
2024-10-17 09:57:56.280 [info] Getting sessions for all scopes...
2024-10-17 09:57:56.280 [info] Got 6 sessions for ...
2024-10-17 09:57:56.612 [info] Getting sessions for all scopes...
2024-10-17 09:57:56.614 [info] Got 6 sessions for ...
2024-10-17 09:57:57.008 [info] Getting sessions for all scopes...
2024-10-17 09:57:57.009 [info] Got 6 sessions for ...
2024-10-17 09:57:57.413 [info] Getting sessions for read:user,repo,user:email,workflow...
2024-10-17 09:57:57.414 [info] Got 1 sessions for read:user,repo,user:email,workflow...
2024-10-17 09:57:57.909 [info] Getting sessions for all scopes...
2024-10-17 09:57:57.909 [info] Getting sessions for all scopes...
2024-10-17 09:57:57.909 [info] Got 6 sessions for ...
2024-10-17 09:57:57.909 [info] Got 6 sessions for ...
2024-10-17 09:57:58.320 [info] Getting sessions for project,read:org,read:user,repo,user:email,workflow...
2024-10-17 09:57:58.320 [info] Got 0 sessions for project,read:org,read:user,repo,user:email,workflow...
2024-10-17 09:57:58.453 [info] Getting sessions for read:user,repo,user:email,workflow...
2024-10-17 09:57:58.453 [info] Got 1 sessions for read:user,repo,user:email,workflow...
2024-10-17 09:58:00.055 [info] Getting sessions for read:user,repo,user:email,workflow...
2024-10-17 09:58:00.055 [info] Got 1 sessions for read:user,repo,user:email,workflow...
2024-10-17 09:58:00.180 [info] Getting sessions for all scopes...
2024-10-17 09:58:00.180 [info] Getting sessions for all scopes...
2024-10-17 09:58:00.180 [info] Got 6 sessions for ...
2024-10-17 09:58:00.181 [info] Got 6 sessions for ...
2024-10-17 09:58:00.868 [info] Getting sessions for read:user,repo,user:email,workflow...
2024-10-17 09:58:00.869 [info] Got 1 sessions for read:user,repo,user:email,workflow...
2024-10-17 09:58:03.334 [info] Getting sessions for all scopes...
2024-10-17 09:58:03.334 [info] Got 6 sessions for ...
2024-10-17 09:58:03.794 [info] Getting sessions for read:user,repo,user:email,workflow...
2024-10-17 09:58:03.794 [info] Got 1 sessions for read:user,repo,user:email,workflow...
2024-10-17 09:58:04.096 [info] Getting sessions for read:user,repo,user:email,workflow...
2024-10-17 09:58:04.096 [info] Got 1 sessions for read:user,repo,user:email,workflow...
2024-10-17 09:58:04.216 [info] Getting sessions for all scopes...
2024-10-17 09:58:04.216 [info] Got 6 sessions for ...
2024-10-17 09:58:04.634 [info] Getting sessions for read:user,repo,user:email,workflow...
2024-10-17 09:58:04.634 [info] Got 1 sessions for read:user,repo,user:email,workflow...
