2024-10-17 11:08:50.445 [info] Reading sessions from keychain...
2024-10-17 11:08:50.445 [info] Getting sessions for all scopes...
2024-10-17 11:08:50.445 [info] Getting sessions for all scopes...
2024-10-17 11:08:50.445 [info] Getting sessions for user:email...
2024-10-17 11:08:50.781 [info] Got stored sessions!
2024-10-17 11:08:50.781 [info] Got 6 verified sessions.
2024-10-17 11:08:50.781 [info] Got 6 sessions for ...
2024-10-17 11:08:50.781 [info] Got 6 sessions for ...
2024-10-17 11:08:50.781 [info] Got 1 sessions for user:email...
2024-10-17 11:08:50.910 [info] Getting sessions for codespace,read:user,repo,user:email...
2024-10-17 11:08:50.910 [info] Got 1 sessions for codespace,read:user,repo,user:email...
2024-10-17 11:08:50.959 [info] Getting sessions for all scopes...
2024-10-17 11:08:50.959 [info] Got 6 sessions for ...
2024-10-17 11:08:51.793 [info] Getting sessions for all scopes...
2024-10-17 11:08:51.793 [info] Got 6 sessions for ...
2024-10-17 11:08:52.718 [info] Getting sessions for all scopes...
2024-10-17 11:08:52.718 [info] Got 6 sessions for ...
2024-10-17 11:08:53.068 [info] Getting sessions for all scopes...
2024-10-17 11:08:53.069 [info] Got 6 sessions for ...
2024-10-17 11:08:53.653 [info] Getting sessions for all scopes...
2024-10-17 11:08:53.653 [info] Got 6 sessions for ...
2024-10-17 11:08:53.834 [info] Getting sessions for read:user,repo,user:email,workflow...
2024-10-17 11:08:53.834 [info] Getting sessions for all scopes...
2024-10-17 11:08:53.834 [info] Getting sessions for all scopes...
2024-10-17 11:08:53.834 [info] Getting sessions for all scopes...
2024-10-17 11:08:53.834 [info] Got 1 sessions for read:user,repo,user:email,workflow...
2024-10-17 11:08:53.834 [info] Got 6 sessions for ...
2024-10-17 11:08:53.835 [info] Got 6 sessions for ...
2024-10-17 11:08:53.835 [info] Got 6 sessions for ...
2024-10-17 11:08:54.304 [info] Getting sessions for project,read:org,read:user,repo,user:email,workflow...
2024-10-17 11:08:54.304 [info] Got 0 sessions for project,read:org,read:user,repo,user:email,workflow...
2024-10-17 11:08:54.667 [info] Getting sessions for read:user,repo,user:email,workflow...
2024-10-17 11:08:54.667 [info] Got 1 sessions for read:user,repo,user:email,workflow...
2024-10-17 11:08:54.800 [info] Getting sessions for read:user,repo,user:email,workflow...
2024-10-17 11:08:54.800 [info] Got 1 sessions for read:user,repo,user:email,workflow...
2024-10-17 11:08:56.355 [info] Getting sessions for all scopes...
2024-10-17 11:08:56.355 [info] Getting sessions for all scopes...
2024-10-17 11:08:56.355 [info] Got 6 sessions for ...
2024-10-17 11:08:56.355 [info] Got 6 sessions for ...
2024-10-17 11:08:58.754 [info] Getting sessions for read:user,repo,user:email,workflow...
2024-10-17 11:08:58.754 [info] Got 1 sessions for read:user,repo,user:email,workflow...
2024-10-17 11:08:59.887 [info] Getting sessions for all scopes...
2024-10-17 11:08:59.887 [info] Got 6 sessions for ...
2024-10-17 11:09:00.298 [info] Getting sessions for read:user,repo,user:email,workflow...
2024-10-17 11:09:00.298 [info] Got 1 sessions for read:user,repo,user:email,workflow...
2024-10-17 11:09:00.414 [info] Getting sessions for read:user,repo,user:email,workflow...
2024-10-17 11:09:00.414 [info] Got 1 sessions for read:user,repo,user:email,workflow...
2024-10-17 11:09:00.676 [info] Getting sessions for all scopes...
2024-10-17 11:09:00.676 [info] Got 6 sessions for ...
2024-10-17 11:09:01.081 [info] Getting sessions for read:user,repo,user:email,workflow...
2024-10-17 11:09:01.081 [info] Got 1 sessions for read:user,repo,user:email,workflow...
