2024-10-17 10:02:52.128 [info] Reading sessions from keychain...
2024-10-17 10:02:52.128 [info] Getting sessions for all scopes...
2024-10-17 10:02:52.128 [info] Getting sessions for all scopes...
2024-10-17 10:02:52.128 [info] Getting sessions for user:email...
2024-10-17 10:02:52.131 [info] Got stored sessions!
2024-10-17 10:02:52.131 [info] Got 6 verified sessions.
2024-10-17 10:02:52.131 [info] Got 6 sessions for ...
2024-10-17 10:02:52.131 [info] Got 6 sessions for ...
2024-10-17 10:02:52.131 [info] Got 1 sessions for user:email...
2024-10-17 10:02:52.352 [info] Getting sessions for codespace,read:user,repo,user:email...
2024-10-17 10:02:52.352 [info] Got 1 sessions for codespace,read:user,repo,user:email...
2024-10-17 10:02:52.355 [info] Getting sessions for all scopes...
2024-10-17 10:02:52.355 [info] Got 6 sessions for ...
2024-10-17 10:02:52.779 [info] Getting sessions for all scopes...
2024-10-17 10:02:52.779 [info] Got 6 sessions for ...
2024-10-17 10:02:53.599 [info] Getting sessions for all scopes...
2024-10-17 10:02:53.600 [info] Got 6 sessions for ...
2024-10-17 10:02:54.512 [info] Getting sessions for all scopes...
2024-10-17 10:02:54.520 [info] Got 6 sessions for ...
2024-10-17 10:02:54.956 [info] Getting sessions for all scopes...
2024-10-17 10:02:54.957 [info] Got 6 sessions for ...
2024-10-17 10:02:55.369 [info] Getting sessions for read:user,repo,user:email,workflow...
2024-10-17 10:02:55.369 [info] Getting sessions for all scopes...
2024-10-17 10:02:55.369 [info] Got 1 sessions for read:user,repo,user:email,workflow...
2024-10-17 10:02:55.370 [info] Got 6 sessions for ...
2024-10-17 10:02:55.420 [info] Getting sessions for all scopes...
2024-10-17 10:02:55.420 [info] Getting sessions for all scopes...
2024-10-17 10:02:55.420 [info] Got 6 sessions for ...
2024-10-17 10:02:55.420 [info] Got 6 sessions for ...
2024-10-17 10:02:55.924 [info] Getting sessions for project,read:org,read:user,repo,user:email,workflow...
2024-10-17 10:02:55.924 [info] Got 0 sessions for project,read:org,read:user,repo,user:email,workflow...
2024-10-17 10:02:57.444 [info] Getting sessions for read:user,repo,user:email,workflow...
2024-10-17 10:02:57.444 [info] Got 1 sessions for read:user,repo,user:email,workflow...
2024-10-17 10:02:57.568 [info] Getting sessions for read:user,repo,user:email,workflow...
2024-10-17 10:02:57.569 [info] Got 1 sessions for read:user,repo,user:email,workflow...
2024-10-17 10:02:57.888 [info] Getting sessions for all scopes...
2024-10-17 10:02:57.888 [info] Getting sessions for all scopes...
2024-10-17 10:02:57.888 [info] Got 6 sessions for ...
2024-10-17 10:02:57.888 [info] Got 6 sessions for ...
2024-10-17 10:02:58.526 [info] Getting sessions for read:user,repo,user:email,workflow...
2024-10-17 10:02:58.527 [info] Got 1 sessions for read:user,repo,user:email,workflow...
2024-10-17 10:03:00.959 [info] Getting sessions for all scopes...
2024-10-17 10:03:00.959 [info] Got 6 sessions for ...
2024-10-17 10:03:01.411 [info] Getting sessions for read:user,repo,user:email,workflow...
2024-10-17 10:03:01.411 [info] Got 1 sessions for read:user,repo,user:email,workflow...
2024-10-17 10:03:01.714 [info] Getting sessions for read:user,repo,user:email,workflow...
2024-10-17 10:03:01.714 [info] Got 1 sessions for read:user,repo,user:email,workflow...
2024-10-17 10:03:01.826 [info] Getting sessions for all scopes...
2024-10-17 10:03:01.826 [info] Got 6 sessions for ...
2024-10-17 10:03:02.208 [info] Getting sessions for read:user,repo,user:email,workflow...
2024-10-17 10:03:02.208 [info] Got 1 sessions for read:user,repo,user:email,workflow...
