[2024-10-16 20:18:13.035] Starting Git Graph ...
[2024-10-16 20:18:13.080] Using git (version: 2.46.2)
[2024-10-16 20:18:13.088] Started Git Graph - Ready to use!
[2024-10-16 20:18:13.089] Searching workspace for new repos ...
[2024-10-16 20:18:13.093] > git rev-parse --show-toplevel
[2024-10-16 20:18:13.099] Completed searching workspace for new repos
[2024-10-16 20:18:13.338] Successfully set Visual Studio Code Context "git-graph:codiconsSupported" to "true"
[2024-10-16 20:20:18.336] > git rev-parse --show-toplevel
[2024-10-16 20:20:18.348] > git rev-parse --show-toplevel
[2024-10-16 20:20:18.354] > git rev-parse --show-toplevel
[2024-10-16 20:20:18.361] > git rev-parse --show-toplevel
[2024-10-16 20:20:18.367] > git rev-parse --show-toplevel
[2024-10-16 20:20:18.373] > git rev-parse --show-toplevel
[2024-10-16 20:20:18.383] > git rev-parse --show-toplevel
[2024-10-16 20:20:18.389] > git rev-parse --show-toplevel
[2024-10-16 20:20:18.396] > git rev-parse --show-toplevel
[2024-10-16 20:20:18.403] > git rev-parse --show-toplevel
[2024-10-16 20:20:18.409] > git rev-parse --show-toplevel
[2024-10-16 20:20:18.415] > git rev-parse --show-toplevel
[2024-10-16 20:20:18.421] > git rev-parse --show-toplevel
[2024-10-16 20:20:18.428] > git rev-parse --show-toplevel
[2024-10-16 20:20:18.434] > git rev-parse --show-toplevel
[2024-10-16 20:20:18.440] > git rev-parse --show-toplevel
[2024-10-16 20:20:18.446] > git rev-parse --show-toplevel
[2024-10-16 20:20:18.452] > git rev-parse --show-toplevel
[2024-10-16 20:20:18.459] > git rev-parse --show-toplevel
[2024-10-16 20:20:18.465] > git rev-parse --show-toplevel
[2024-10-16 20:20:18.476] > git rev-parse --show-toplevel
[2024-10-16 20:20:18.489] > git rev-parse --show-toplevel
[2024-10-16 20:20:18.501] > git rev-parse --show-toplevel
[2024-10-16 20:20:18.514] > git rev-parse --show-toplevel
[2024-10-16 20:20:18.522] > git rev-parse --show-toplevel
[2024-10-16 20:20:18.543] > git rev-parse --show-toplevel
[2024-10-16 20:20:18.550] > git rev-parse --show-toplevel
[2024-10-16 20:20:18.574] > git rev-parse --show-toplevel
[2024-10-16 20:20:18.586] > git rev-parse --show-toplevel
[2024-10-16 20:20:18.597] > git rev-parse --show-toplevel
[2024-10-16 20:20:18.603] > git rev-parse --show-toplevel
[2024-10-16 20:20:18.613] > git rev-parse --show-toplevel
[2024-10-16 20:20:18.623] > git rev-parse --show-toplevel
[2024-10-16 20:20:18.633] > git rev-parse --show-toplevel
[2024-10-16 20:20:18.648] > git rev-parse --show-toplevel
[2024-10-16 20:20:18.656] > git rev-parse --show-toplevel
[2024-10-16 20:20:18.668] > git rev-parse --show-toplevel
[2024-10-16 20:20:18.675] > git rev-parse --show-toplevel
[2024-10-16 20:20:18.688] > git rev-parse --show-toplevel
[2024-10-16 20:20:18.698] > git rev-parse --show-toplevel
[2024-10-16 20:20:18.704] > git rev-parse --show-toplevel
[2024-10-16 20:20:18.711] > git rev-parse --show-toplevel
[2024-10-16 20:20:18.718] > git rev-parse --show-toplevel
[2024-10-16 20:20:18.724] > git rev-parse --show-toplevel
[2024-10-16 20:20:18.730] > git rev-parse --show-toplevel
[2024-10-16 20:20:18.736] > git rev-parse --show-toplevel
[2024-10-16 20:20:18.743] > git rev-parse --show-toplevel
[2024-10-16 20:20:18.749] > git rev-parse --show-toplevel
[2024-10-16 20:20:18.755] > git rev-parse --show-toplevel
[2024-10-16 20:20:18.761] > git rev-parse --show-toplevel
[2024-10-16 20:20:18.768] > git rev-parse --show-toplevel
[2024-10-16 20:20:18.774] > git rev-parse --show-toplevel
[2024-10-16 20:20:18.781] > git rev-parse --show-toplevel
[2024-10-16 20:20:18.788] > git rev-parse --show-toplevel
[2024-10-16 20:20:18.794] > git rev-parse --show-toplevel
[2024-10-16 20:20:18.801] > git rev-parse --show-toplevel
[2024-10-16 20:20:18.807] > git rev-parse --show-toplevel
[2024-10-16 20:20:18.814] > git rev-parse --show-toplevel
[2024-10-16 20:20:18.820] > git rev-parse --show-toplevel
[2024-10-16 20:20:18.826] > git rev-parse --show-toplevel
[2024-10-16 20:20:18.832] > git rev-parse --show-toplevel
[2024-10-16 20:20:18.839] > git rev-parse --show-toplevel
[2024-10-16 20:20:18.845] > git rev-parse --show-toplevel
[2024-10-16 20:20:18.851] > git rev-parse --show-toplevel
[2024-10-16 20:20:18.857] > git rev-parse --show-toplevel
[2024-10-16 20:20:18.863] > git rev-parse --show-toplevel
[2024-10-16 20:20:18.870] > git rev-parse --show-toplevel
[2024-10-16 20:20:18.876] > git rev-parse --show-toplevel
[2024-10-16 20:20:18.884] > git rev-parse --show-toplevel
[2024-10-16 20:20:18.891] > git rev-parse --show-toplevel
[2024-10-16 20:20:18.898] > git rev-parse --show-toplevel
[2024-10-16 20:20:18.904] > git rev-parse --show-toplevel
[2024-10-16 20:20:18.910] > git rev-parse --show-toplevel
[2024-10-16 20:20:18.917] > git rev-parse --show-toplevel
[2024-10-16 20:20:18.923] > git rev-parse --show-toplevel
[2024-10-16 20:20:18.929] > git rev-parse --show-toplevel
[2024-10-16 20:20:18.935] > git rev-parse --show-toplevel
[2024-10-16 20:20:18.942] > git rev-parse --show-toplevel
[2024-10-16 20:20:18.948] > git rev-parse --show-toplevel
[2024-10-16 20:20:18.955] > git rev-parse --show-toplevel
[2024-10-16 20:20:18.961] > git rev-parse --show-toplevel
[2024-10-16 20:20:18.967] > git rev-parse --show-toplevel
[2024-10-16 20:20:18.973] > git rev-parse --show-toplevel
[2024-10-16 20:20:18.980] > git rev-parse --show-toplevel
[2024-10-16 20:20:18.986] > git rev-parse --show-toplevel
[2024-10-16 20:20:18.993] > git rev-parse --show-toplevel
[2024-10-16 20:20:19.000] > git rev-parse --show-toplevel
[2024-10-16 20:20:19.006] > git rev-parse --show-toplevel
[2024-10-16 20:20:19.012] > git rev-parse --show-toplevel
[2024-10-16 20:20:19.019] > git rev-parse --show-toplevel
[2024-10-16 20:20:19.025] > git rev-parse --show-toplevel
[2024-10-16 20:20:19.031] > git rev-parse --show-toplevel
[2024-10-16 20:20:19.037] > git rev-parse --show-toplevel
[2024-10-16 20:20:19.044] > git rev-parse --show-toplevel
[2024-10-16 20:20:19.050] > git rev-parse --show-toplevel
[2024-10-16 20:20:19.057] > git rev-parse --show-toplevel
[2024-10-16 20:20:19.063] > git rev-parse --show-toplevel
[2024-10-16 20:20:19.070] > git rev-parse --show-toplevel
[2024-10-16 20:20:19.076] > git rev-parse --show-toplevel
[2024-10-16 20:20:19.082] > git rev-parse --show-toplevel
[2024-10-16 20:20:19.088] > git rev-parse --show-toplevel
[2024-10-16 20:20:19.095] > git rev-parse --show-toplevel
[2024-10-16 20:20:19.101] > git rev-parse --show-toplevel
[2024-10-16 20:20:19.107] > git rev-parse --show-toplevel
[2024-10-16 20:20:19.113] > git rev-parse --show-toplevel
[2024-10-16 20:20:19.120] > git rev-parse --show-toplevel
[2024-10-16 20:20:19.126] > git rev-parse --show-toplevel
[2024-10-16 20:20:19.132] > git rev-parse --show-toplevel
[2024-10-16 20:20:19.138] > git rev-parse --show-toplevel
[2024-10-16 20:20:19.145] > git rev-parse --show-toplevel
[2024-10-16 20:20:19.151] > git rev-parse --show-toplevel
[2024-10-16 20:20:19.157] > git rev-parse --show-toplevel
[2024-10-16 20:20:19.163] > git rev-parse --show-toplevel
[2024-10-16 20:20:19.169] > git rev-parse --show-toplevel
[2024-10-16 20:20:19.177] > git rev-parse --show-toplevel
[2024-10-16 20:20:19.183] > git rev-parse --show-toplevel
[2024-10-16 20:20:19.191] > git rev-parse --show-toplevel
[2024-10-16 20:20:19.198] > git rev-parse --show-toplevel
[2024-10-16 20:20:19.205] > git rev-parse --show-toplevel
[2024-10-16 20:20:19.212] > git rev-parse --show-toplevel
[2024-10-16 20:20:19.218] > git rev-parse --show-toplevel
[2024-10-16 20:20:19.227] > git rev-parse --show-toplevel
[2024-10-16 20:20:19.236] > git rev-parse --show-toplevel
[2024-10-16 20:20:19.243] > git rev-parse --show-toplevel
[2024-10-16 20:20:19.250] > git rev-parse --show-toplevel
[2024-10-16 20:20:19.256] > git rev-parse --show-toplevel
[2024-10-16 20:20:19.261] > git rev-parse --show-toplevel
[2024-10-16 20:20:19.269] > git rev-parse --show-toplevel
[2024-10-16 20:20:19.277] > git rev-parse --show-toplevel
[2024-10-16 20:20:19.284] > git rev-parse --show-toplevel
[2024-10-16 20:20:19.292] > git rev-parse --show-toplevel
[2024-10-16 20:20:19.298] > git rev-parse --show-toplevel
[2024-10-16 20:20:19.304] > git rev-parse --show-toplevel
[2024-10-16 20:20:19.310] > git rev-parse --show-toplevel
[2024-10-16 20:20:19.320] > git rev-parse --show-toplevel
[2024-10-16 20:20:19.327] > git rev-parse --show-toplevel
[2024-10-16 20:20:19.333] > git rev-parse --show-toplevel
[2024-10-16 20:20:19.339] > git rev-parse --show-toplevel
[2024-10-16 20:20:19.345] > git rev-parse --show-toplevel
[2024-10-16 20:20:19.351] > git rev-parse --show-toplevel
[2024-10-16 20:20:19.358] > git rev-parse --show-toplevel
[2024-10-16 20:20:19.364] > git rev-parse --show-toplevel
[2024-10-16 20:20:19.370] > git rev-parse --show-toplevel
[2024-10-16 20:20:19.376] > git rev-parse --show-toplevel
[2024-10-16 20:20:19.382] > git rev-parse --show-toplevel
[2024-10-16 20:20:19.388] > git rev-parse --show-toplevel
[2024-10-16 20:20:19.394] > git rev-parse --show-toplevel
[2024-10-16 20:20:19.400] > git rev-parse --show-toplevel
[2024-10-16 20:20:19.406] > git rev-parse --show-toplevel
[2024-10-16 20:20:19.412] > git rev-parse --show-toplevel
[2024-10-16 20:20:19.418] > git rev-parse --show-toplevel
[2024-10-16 20:20:19.424] > git rev-parse --show-toplevel
[2024-10-16 20:20:19.430] > git rev-parse --show-toplevel
[2024-10-16 20:20:19.436] > git rev-parse --show-toplevel
[2024-10-16 20:20:19.442] > git rev-parse --show-toplevel
[2024-10-16 20:20:19.448] > git rev-parse --show-toplevel
[2024-10-16 20:20:19.454] > git rev-parse --show-toplevel
[2024-10-16 20:20:19.461] > git rev-parse --show-toplevel
[2024-10-16 20:20:19.467] > git rev-parse --show-toplevel
[2024-10-16 20:20:19.473] > git rev-parse --show-toplevel
[2024-10-16 20:20:19.479] > git rev-parse --show-toplevel
[2024-10-16 20:20:19.485] > git rev-parse --show-toplevel
[2024-10-16 20:20:19.492] > git rev-parse --show-toplevel
[2024-10-16 20:20:19.501] > git rev-parse --show-toplevel
[2024-10-16 20:20:19.507] > git rev-parse --show-toplevel
[2024-10-16 20:20:19.513] > git rev-parse --show-toplevel
[2024-10-16 20:20:19.519] > git rev-parse --show-toplevel
[2024-10-16 20:20:19.526] > git rev-parse --show-toplevel
[2024-10-16 20:20:19.532] > git rev-parse --show-toplevel
[2024-10-16 20:20:19.539] > git rev-parse --show-toplevel
[2024-10-16 20:20:19.546] > git rev-parse --show-toplevel
[2024-10-16 20:20:19.553] > git rev-parse --show-toplevel
[2024-10-16 20:20:19.559] > git rev-parse --show-toplevel
[2024-10-16 20:20:19.566] > git rev-parse --show-toplevel
[2024-10-16 20:20:19.572] > git rev-parse --show-toplevel
[2024-10-16 20:20:19.578] > git rev-parse --show-toplevel
[2024-10-16 20:20:19.584] > git rev-parse --show-toplevel
[2024-10-16 20:20:19.593] > git rev-parse --show-toplevel
[2024-10-16 20:20:19.610] > git rev-parse --show-toplevel
[2024-10-16 20:20:19.621] > git rev-parse --show-toplevel
[2024-10-16 20:20:19.636] > git rev-parse --show-toplevel
[2024-10-16 20:20:19.655] > git rev-parse --show-toplevel
[2024-10-16 20:20:19.662] > git rev-parse --show-toplevel
[2024-10-16 20:20:19.668] > git rev-parse --show-toplevel
[2024-10-16 20:20:19.675] > git rev-parse --show-toplevel
[2024-10-16 20:20:19.681] > git rev-parse --show-toplevel
[2024-10-16 20:20:19.687] > git rev-parse --show-toplevel
[2024-10-16 20:20:19.693] > git rev-parse --show-toplevel
[2024-10-16 20:20:19.699] > git rev-parse --show-toplevel
[2024-10-16 20:20:19.705] > git rev-parse --show-toplevel
[2024-10-16 20:20:19.712] > git rev-parse --show-toplevel
[2024-10-16 20:20:19.718] > git rev-parse --show-toplevel
[2024-10-16 20:20:19.724] > git rev-parse --show-toplevel
[2024-10-16 20:20:19.730] > git rev-parse --show-toplevel
[2024-10-16 20:20:19.736] > git rev-parse --show-toplevel
[2024-10-16 20:20:19.742] > git rev-parse --show-toplevel
[2024-10-16 20:20:19.748] > git rev-parse --show-toplevel
[2024-10-16 20:20:19.755] > git rev-parse --show-toplevel
[2024-10-16 20:20:19.763] > git rev-parse --show-toplevel
[2024-10-16 20:20:19.769] > git rev-parse --show-toplevel
[2024-10-16 20:20:19.776] > git rev-parse --show-toplevel
[2024-10-16 20:20:19.782] > git rev-parse --show-toplevel
[2024-10-16 20:20:19.788] > git rev-parse --show-toplevel
[2024-10-16 20:20:19.794] > git rev-parse --show-toplevel
[2024-10-16 20:20:19.800] > git rev-parse --show-toplevel
[2024-10-16 20:20:19.807] > git rev-parse --show-toplevel
[2024-10-16 20:20:19.813] > git rev-parse --show-toplevel
[2024-10-16 20:20:19.819] > git rev-parse --show-toplevel
[2024-10-16 20:20:19.825] > git rev-parse --show-toplevel
[2024-10-16 20:20:19.831] > git rev-parse --show-toplevel
[2024-10-16 20:20:19.837] > git rev-parse --show-toplevel
[2024-10-16 20:20:19.843] > git rev-parse --show-toplevel
[2024-10-16 20:20:19.849] > git rev-parse --show-toplevel
[2024-10-16 20:20:19.859] > git rev-parse --show-toplevel
[2024-10-16 20:20:19.868] > git rev-parse --show-toplevel
[2024-10-16 20:20:19.881] > git rev-parse --show-toplevel
[2024-10-16 20:20:19.887] > git rev-parse --show-toplevel
[2024-10-16 20:20:19.900] > git rev-parse --show-toplevel
[2024-10-16 20:20:19.913] > git rev-parse --show-toplevel
[2024-10-16 20:20:19.926] > git rev-parse --show-toplevel
[2024-10-16 20:20:19.938] > git rev-parse --show-toplevel
[2024-10-16 20:20:19.952] > git rev-parse --show-toplevel
[2024-10-16 20:20:19.965] > git rev-parse --show-toplevel
[2024-10-16 20:20:19.973] > git rev-parse --show-toplevel
[2024-10-16 20:20:19.979] > git rev-parse --show-toplevel
[2024-10-16 20:20:19.985] > git rev-parse --show-toplevel
[2024-10-16 20:20:19.992] > git rev-parse --show-toplevel
[2024-10-16 20:20:20.000] > git rev-parse --show-toplevel
[2024-10-16 20:20:20.007] > git rev-parse --show-toplevel
[2024-10-16 20:20:20.013] > git rev-parse --show-toplevel
[2024-10-16 20:20:20.020] > git rev-parse --show-toplevel
[2024-10-16 20:20:20.026] > git rev-parse --show-toplevel
[2024-10-16 20:20:20.032] > git rev-parse --show-toplevel
[2024-10-16 20:20:20.038] > git rev-parse --show-toplevel
[2024-10-16 20:20:20.044] > git rev-parse --show-toplevel
[2024-10-16 20:20:20.050] > git rev-parse --show-toplevel
[2024-10-16 20:20:20.057] > git rev-parse --show-toplevel
[2024-10-16 20:20:20.063] > git rev-parse --show-toplevel
[2024-10-16 20:20:20.069] > git rev-parse --show-toplevel
[2024-10-16 20:20:20.075] > git rev-parse --show-toplevel
[2024-10-16 20:20:20.081] > git rev-parse --show-toplevel
[2024-10-16 20:20:20.087] > git rev-parse --show-toplevel
[2024-10-16 20:20:20.094] > git rev-parse --show-toplevel
[2024-10-16 20:20:20.100] > git rev-parse --show-toplevel
[2024-10-16 20:20:20.107] > git rev-parse --show-toplevel
[2024-10-16 20:20:20.119] > git rev-parse --show-toplevel
[2024-10-16 20:20:20.129] > git rev-parse --show-toplevel
[2024-10-16 20:20:20.141] > git rev-parse --show-toplevel
[2024-10-16 20:20:20.157] > git rev-parse --show-toplevel
[2024-10-16 20:20:20.168] > git rev-parse --show-toplevel
[2024-10-16 20:20:20.174] > git rev-parse --show-toplevel
[2024-10-16 20:20:20.180] > git rev-parse --show-toplevel
[2024-10-16 20:20:20.190] > git rev-parse --show-toplevel
[2024-10-16 20:20:20.196] > git rev-parse --show-toplevel
[2024-10-16 20:20:20.202] > git rev-parse --show-toplevel
[2024-10-16 20:20:20.208] > git rev-parse --show-toplevel
[2024-10-16 20:20:20.215] > git rev-parse --show-toplevel
[2024-10-16 20:20:20.221] > git rev-parse --show-toplevel
[2024-10-16 20:20:20.227] > git rev-parse --show-toplevel
[2024-10-16 20:20:20.233] > git rev-parse --show-toplevel
[2024-10-16 20:20:20.240] > git rev-parse --show-toplevel
[2024-10-16 20:20:20.246] > git rev-parse --show-toplevel
[2024-10-16 20:20:20.252] > git rev-parse --show-toplevel
[2024-10-16 20:20:20.264] > git rev-parse --show-toplevel
[2024-10-16 20:20:20.270] > git rev-parse --show-toplevel
[2024-10-16 20:20:20.276] > git rev-parse --show-toplevel
[2024-10-16 20:20:20.282] > git rev-parse --show-toplevel
[2024-10-16 20:20:20.289] > git rev-parse --show-toplevel
[2024-10-16 20:20:20.295] > git rev-parse --show-toplevel
[2024-10-16 20:20:20.301] > git rev-parse --show-toplevel
[2024-10-16 20:20:20.307] > git rev-parse --show-toplevel
[2024-10-16 20:20:20.313] > git rev-parse --show-toplevel
[2024-10-16 20:20:20.320] > git rev-parse --show-toplevel
[2024-10-16 20:20:20.326] > git rev-parse --show-toplevel
[2024-10-16 20:20:20.332] > git rev-parse --show-toplevel
[2024-10-16 20:20:20.338] > git rev-parse --show-toplevel
[2024-10-16 20:20:20.344] > git rev-parse --show-toplevel
[2024-10-16 20:20:20.350] > git rev-parse --show-toplevel
[2024-10-16 20:20:20.356] > git rev-parse --show-toplevel
[2024-10-16 20:20:20.382] > git rev-parse --show-toplevel
[2024-10-16 20:20:20.388] > git rev-parse --show-toplevel
[2024-10-16 20:20:20.394] > git rev-parse --show-toplevel
[2024-10-16 20:20:20.401] > git rev-parse --show-toplevel
[2024-10-16 20:20:20.407] > git rev-parse --show-toplevel
[2024-10-16 20:20:20.413] > git rev-parse --show-toplevel
[2024-10-16 20:20:20.419] > git rev-parse --show-toplevel
[2024-10-16 20:20:20.428] > git rev-parse --show-toplevel
[2024-10-16 20:20:20.434] > git rev-parse --show-toplevel
[2024-10-16 20:20:20.440] > git rev-parse --show-toplevel
[2024-10-16 20:20:20.447] > git rev-parse --show-toplevel
[2024-10-16 20:20:20.454] > git rev-parse --show-toplevel
[2024-10-16 20:20:20.462] > git rev-parse --show-toplevel
[2024-10-16 20:20:20.468] > git rev-parse --show-toplevel
[2024-10-16 20:20:20.474] > git rev-parse --show-toplevel
[2024-10-16 20:20:20.480] > git rev-parse --show-toplevel
[2024-10-16 20:20:20.487] > git rev-parse --show-toplevel
[2024-10-16 20:20:20.494] > git rev-parse --show-toplevel
[2024-10-16 20:20:20.500] > git rev-parse --show-toplevel
[2024-10-16 20:20:20.506] > git rev-parse --show-toplevel
[2024-10-16 20:20:20.512] > git rev-parse --show-toplevel
[2024-10-16 20:20:20.519] > git rev-parse --show-toplevel
[2024-10-16 20:20:20.524] > git rev-parse --show-toplevel
[2024-10-16 20:20:20.531] > git rev-parse --show-toplevel
[2024-10-16 20:20:20.537] > git rev-parse --show-toplevel
[2024-10-16 20:20:20.543] > git rev-parse --show-toplevel
[2024-10-16 20:20:20.549] > git rev-parse --show-toplevel
[2024-10-16 20:20:20.555] > git rev-parse --show-toplevel
[2024-10-16 20:20:20.577] > git rev-parse --show-toplevel
[2024-10-16 20:20:20.584] > git rev-parse --show-toplevel
[2024-10-16 20:20:20.590] > git rev-parse --show-toplevel
[2024-10-16 20:20:20.596] > git rev-parse --show-toplevel
[2024-10-16 20:20:20.602] > git rev-parse --show-toplevel
[2024-10-16 20:20:20.609] > git rev-parse --show-toplevel
[2024-10-16 20:20:20.616] > git rev-parse --show-toplevel
[2024-10-16 20:20:20.622] > git rev-parse --show-toplevel
[2024-10-16 20:20:20.628] > git rev-parse --show-toplevel
[2024-10-16 20:20:20.634] > git rev-parse --show-toplevel
[2024-10-16 20:20:20.640] > git rev-parse --show-toplevel
[2024-10-16 20:20:20.647] > git rev-parse --show-toplevel
[2024-10-16 20:20:20.653] > git rev-parse --show-toplevel
[2024-10-16 20:20:20.659] > git rev-parse --show-toplevel
[2024-10-16 20:20:20.665] > git rev-parse --show-toplevel
[2024-10-16 20:20:20.671] > git rev-parse --show-toplevel
[2024-10-16 20:20:20.677] > git rev-parse --show-toplevel
[2024-10-16 20:20:20.684] > git rev-parse --show-toplevel
[2024-10-16 20:20:20.690] > git rev-parse --show-toplevel
[2024-10-16 20:20:20.697] > git rev-parse --show-toplevel
[2024-10-16 20:20:20.703] > git rev-parse --show-toplevel
[2024-10-16 20:20:20.709] > git rev-parse --show-toplevel
[2024-10-16 20:20:20.715] > git rev-parse --show-toplevel
[2024-10-16 20:20:20.721] > git rev-parse --show-toplevel
[2024-10-16 20:20:20.729] > git rev-parse --show-toplevel
[2024-10-16 20:20:20.735] > git rev-parse --show-toplevel
[2024-10-16 20:20:20.741] > git rev-parse --show-toplevel
[2024-10-16 20:20:20.747] > git rev-parse --show-toplevel
[2024-10-16 20:20:20.753] > git rev-parse --show-toplevel
[2024-10-16 20:20:20.759] > git rev-parse --show-toplevel
[2024-10-16 20:20:20.766] > git rev-parse --show-toplevel
[2024-10-16 20:20:20.772] > git rev-parse --show-toplevel
[2024-10-16 20:20:20.778] > git rev-parse --show-toplevel
[2024-10-16 20:20:20.784] > git rev-parse --show-toplevel
[2024-10-16 20:20:20.792] > git rev-parse --show-toplevel
[2024-10-16 20:20:20.798] > git rev-parse --show-toplevel
[2024-10-16 20:20:20.804] > git rev-parse --show-toplevel
[2024-10-16 20:20:20.810] > git rev-parse --show-toplevel
[2024-10-16 20:20:20.816] > git rev-parse --show-toplevel
[2024-10-16 20:20:20.823] > git rev-parse --show-toplevel
[2024-10-16 20:20:20.829] > git rev-parse --show-toplevel
[2024-10-16 20:20:20.835] > git rev-parse --show-toplevel
[2024-10-16 20:20:20.841] > git rev-parse --show-toplevel
[2024-10-16 20:20:20.848] > git rev-parse --show-toplevel
[2024-10-16 20:20:20.854] > git rev-parse --show-toplevel
[2024-10-16 20:20:20.860] > git rev-parse --show-toplevel
[2024-10-16 20:20:20.866] > git rev-parse --show-toplevel
[2024-10-16 20:20:20.872] > git rev-parse --show-toplevel
[2024-10-16 20:20:20.878] > git rev-parse --show-toplevel
[2024-10-16 20:20:20.885] > git rev-parse --show-toplevel
[2024-10-16 20:20:20.891] > git rev-parse --show-toplevel
[2024-10-16 20:20:20.898] > git rev-parse --show-toplevel
[2024-10-16 20:20:20.904] > git rev-parse --show-toplevel
[2024-10-16 20:20:20.910] > git rev-parse --show-toplevel
[2024-10-16 20:20:20.916] > git rev-parse --show-toplevel
[2024-10-16 20:20:20.922] > git rev-parse --show-toplevel
[2024-10-16 20:20:20.928] > git rev-parse --show-toplevel
[2024-10-16 20:20:20.934] > git rev-parse --show-toplevel
[2024-10-16 20:20:20.940] > git rev-parse --show-toplevel
[2024-10-16 20:20:20.947] > git rev-parse --show-toplevel
[2024-10-16 20:20:20.953] > git rev-parse --show-toplevel
[2024-10-16 20:20:20.959] > git rev-parse --show-toplevel
[2024-10-16 20:20:20.965] > git rev-parse --show-toplevel
[2024-10-16 20:20:20.971] > git rev-parse --show-toplevel
[2024-10-16 20:20:20.977] > git rev-parse --show-toplevel
[2024-10-16 20:20:20.986] > git rev-parse --show-toplevel
[2024-10-16 20:20:20.992] > git rev-parse --show-toplevel
[2024-10-16 20:20:20.999] > git rev-parse --show-toplevel
[2024-10-16 20:20:21.005] > git rev-parse --show-toplevel
[2024-10-16 20:20:21.011] > git rev-parse --show-toplevel
[2024-10-16 20:20:21.017] > git rev-parse --show-toplevel
[2024-10-16 20:20:21.023] > git rev-parse --show-toplevel
[2024-10-16 20:20:21.029] > git rev-parse --show-toplevel
[2024-10-16 20:20:21.035] > git rev-parse --show-toplevel
[2024-10-16 20:20:21.041] > git rev-parse --show-toplevel
[2024-10-16 20:20:21.047] > git rev-parse --show-toplevel
[2024-10-16 20:20:21.053] > git rev-parse --show-toplevel
[2024-10-16 20:20:21.060] > git rev-parse --show-toplevel
[2024-10-16 20:20:21.065] > git rev-parse --show-toplevel
[2024-10-16 20:20:21.072] > git rev-parse --show-toplevel
[2024-10-16 20:20:21.078] > git rev-parse --show-toplevel
[2024-10-16 20:20:21.084] > git rev-parse --show-toplevel
[2024-10-16 20:20:21.098] > git rev-parse --show-toplevel
[2024-10-16 20:20:21.104] > git rev-parse --show-toplevel
[2024-10-16 20:20:21.114] > git rev-parse --show-toplevel
[2024-10-16 20:20:21.125] > git rev-parse --show-toplevel
[2024-10-16 20:20:21.132] > git rev-parse --show-toplevel
[2024-10-16 20:20:21.145] > git rev-parse --show-toplevel
[2024-10-16 20:20:21.151] > git rev-parse --show-toplevel
[2024-10-16 20:20:21.167] > git rev-parse --show-toplevel
[2024-10-16 20:20:21.175] > git rev-parse --show-toplevel
[2024-10-16 20:20:21.181] > git rev-parse --show-toplevel
[2024-10-16 20:20:21.187] > git rev-parse --show-toplevel
[2024-10-16 20:20:21.193] > git rev-parse --show-toplevel
[2024-10-16 20:20:21.199] > git rev-parse --show-toplevel
[2024-10-16 20:20:21.205] > git rev-parse --show-toplevel
[2024-10-16 20:20:21.212] > git rev-parse --show-toplevel
[2024-10-16 20:20:21.218] > git rev-parse --show-toplevel
[2024-10-16 20:20:21.224] > git rev-parse --show-toplevel
[2024-10-16 20:20:21.237] > git rev-parse --show-toplevel
[2024-10-16 20:20:21.243] > git rev-parse --show-toplevel
[2024-10-16 20:20:21.249] > git rev-parse --show-toplevel
[2024-10-16 20:20:21.261] > git rev-parse --show-toplevel
[2024-10-16 20:20:21.272] > git rev-parse --show-toplevel
[2024-10-16 20:20:21.279] > git rev-parse --show-toplevel
[2024-10-16 20:20:21.285] > git rev-parse --show-toplevel
[2024-10-16 20:20:21.292] > git rev-parse --show-toplevel
[2024-10-16 20:20:21.298] > git rev-parse --show-toplevel
[2024-10-16 20:20:21.310] > git rev-parse --show-toplevel
[2024-10-16 20:20:21.320] > git rev-parse --show-toplevel
[2024-10-16 20:20:21.332] > git rev-parse --show-toplevel
[2024-10-16 20:20:21.344] > git rev-parse --show-toplevel
[2024-10-16 20:20:21.351] > git rev-parse --show-toplevel
[2024-10-16 20:20:21.362] > git rev-parse --show-toplevel
[2024-10-16 20:20:21.367] > git rev-parse --show-toplevel
[2024-10-16 20:20:21.373] > git rev-parse --show-toplevel
[2024-10-16 20:20:21.379] > git rev-parse --show-toplevel
[2024-10-16 20:20:21.386] > git rev-parse --show-toplevel
[2024-10-16 20:20:21.393] > git rev-parse --show-toplevel
[2024-10-16 20:20:21.400] > git rev-parse --show-toplevel
[2024-10-16 20:20:21.407] > git rev-parse --show-toplevel
[2024-10-16 20:20:21.413] > git rev-parse --show-toplevel
[2024-10-16 20:20:21.420] > git rev-parse --show-toplevel
[2024-10-16 20:20:21.426] > git rev-parse --show-toplevel
[2024-10-16 20:20:21.432] > git rev-parse --show-toplevel
[2024-10-16 20:20:21.439] > git rev-parse --show-toplevel
[2024-10-16 20:20:21.445] > git rev-parse --show-toplevel
[2024-10-16 20:20:21.452] > git rev-parse --show-toplevel
[2024-10-16 20:20:21.459] > git rev-parse --show-toplevel
[2024-10-16 20:20:21.468] > git rev-parse --show-toplevel
[2024-10-16 20:20:21.474] > git rev-parse --show-toplevel
[2024-10-16 20:20:21.481] > git rev-parse --show-toplevel
[2024-10-16 20:20:21.488] > git rev-parse --show-toplevel
[2024-10-16 20:20:21.494] > git rev-parse --show-toplevel
[2024-10-16 20:20:21.500] > git rev-parse --show-toplevel
[2024-10-16 20:20:21.506] > git rev-parse --show-toplevel
[2024-10-16 20:20:21.519] > git rev-parse --show-toplevel
[2024-10-16 20:20:21.527] > git rev-parse --show-toplevel
[2024-10-16 20:20:21.534] > git rev-parse --show-toplevel
[2024-10-16 20:20:21.540] > git rev-parse --show-toplevel
[2024-10-16 20:20:21.554] > git rev-parse --show-toplevel
[2024-10-16 20:20:21.565] > git rev-parse --show-toplevel
[2024-10-16 20:20:21.583] > git rev-parse --show-toplevel
[2024-10-16 20:20:21.602] > git rev-parse --show-toplevel
[2024-10-16 20:20:21.613] > git rev-parse --show-toplevel
[2024-10-16 20:20:21.622] > git rev-parse --show-toplevel
[2024-10-16 20:20:21.629] > git rev-parse --show-toplevel
[2024-10-16 20:20:21.635] > git rev-parse --show-toplevel
[2024-10-16 20:20:21.641] > git rev-parse --show-toplevel
[2024-10-16 20:20:21.648] > git rev-parse --show-toplevel
[2024-10-16 20:20:21.655] > git rev-parse --show-toplevel
[2024-10-16 20:20:21.661] > git rev-parse --show-toplevel
[2024-10-16 20:20:21.683] > git rev-parse --show-toplevel
[2024-10-16 20:20:21.701] > git rev-parse --show-toplevel
[2024-10-16 20:20:21.713] > git rev-parse --show-toplevel
[2024-10-16 20:20:21.720] > git rev-parse --show-toplevel
[2024-10-16 20:20:21.728] > git rev-parse --show-toplevel
[2024-10-16 20:20:21.755] > git rev-parse --show-toplevel
[2024-10-16 20:20:21.773] > git rev-parse --show-toplevel
[2024-10-16 20:20:21.784] > git rev-parse --show-toplevel
[2024-10-16 20:20:21.792] > git rev-parse --show-toplevel
[2024-10-16 20:20:21.798] > git rev-parse --show-toplevel
[2024-10-16 20:20:21.804] > git rev-parse --show-toplevel
[2024-10-16 20:20:21.811] > git rev-parse --show-toplevel
[2024-10-16 20:20:21.819] > git rev-parse --show-toplevel
[2024-10-16 20:20:21.826] > git rev-parse --show-toplevel
[2024-10-16 20:20:21.832] > git rev-parse --show-toplevel
[2024-10-16 20:20:21.838] > git rev-parse --show-toplevel
[2024-10-16 20:20:21.845] > git rev-parse --show-toplevel
[2024-10-16 20:20:21.851] > git rev-parse --show-toplevel
[2024-10-16 20:20:21.857] > git rev-parse --show-toplevel
[2024-10-16 20:20:21.865] > git rev-parse --show-toplevel
[2024-10-16 20:20:21.876] > git rev-parse --show-toplevel
[2024-10-16 20:20:21.885] > git rev-parse --show-toplevel
[2024-10-16 20:20:21.893] > git rev-parse --show-toplevel
[2024-10-16 20:20:21.902] > git rev-parse --show-toplevel
[2024-10-16 20:20:21.909] > git rev-parse --show-toplevel
[2024-10-16 20:20:21.921] > git rev-parse --show-toplevel
[2024-10-16 20:20:21.927] > git rev-parse --show-toplevel
[2024-10-16 20:20:21.933] > git rev-parse --show-toplevel
[2024-10-16 20:20:21.939] > git rev-parse --show-toplevel
[2024-10-16 20:20:21.945] > git rev-parse --show-toplevel
[2024-10-16 20:20:21.952] > git rev-parse --show-toplevel
[2024-10-16 20:20:21.958] > git rev-parse --show-toplevel
[2024-10-16 20:20:21.964] > git rev-parse --show-toplevel
[2024-10-16 20:20:21.971] > git rev-parse --show-toplevel
[2024-10-16 20:20:21.977] > git rev-parse --show-toplevel
[2024-10-16 20:20:21.985] > git rev-parse --show-toplevel
[2024-10-16 20:20:21.992] > git rev-parse --show-toplevel
[2024-10-16 20:20:21.998] > git rev-parse --show-toplevel
[2024-10-16 20:20:22.005] > git rev-parse --show-toplevel
[2024-10-16 20:20:22.012] > git rev-parse --show-toplevel
[2024-10-16 20:20:22.022] > git rev-parse --show-toplevel
[2024-10-16 20:20:22.029] > git rev-parse --show-toplevel
[2024-10-16 20:20:22.035] > git rev-parse --show-toplevel
[2024-10-16 20:20:22.045] > git rev-parse --show-toplevel
[2024-10-16 20:20:22.051] > git rev-parse --show-toplevel
[2024-10-16 20:20:22.057] > git rev-parse --show-toplevel
[2024-10-16 20:20:22.064] > git rev-parse --show-toplevel
[2024-10-16 20:20:22.073] > git rev-parse --show-toplevel
[2024-10-16 20:20:22.079] > git rev-parse --show-toplevel
[2024-10-16 20:20:22.087] > git rev-parse --show-toplevel
[2024-10-16 20:20:22.093] > git rev-parse --show-toplevel
[2024-10-16 20:20:22.113] > git rev-parse --show-toplevel
[2024-10-16 20:20:22.121] > git rev-parse --show-toplevel
[2024-10-16 20:20:22.127] > git rev-parse --show-toplevel
[2024-10-16 20:20:22.133] > git rev-parse --show-toplevel
[2024-10-16 20:20:22.140] > git rev-parse --show-toplevel
[2024-10-16 20:20:22.146] > git rev-parse --show-toplevel
[2024-10-16 20:20:22.152] > git rev-parse --show-toplevel
[2024-10-16 20:20:22.160] > git rev-parse --show-toplevel
[2024-10-16 20:20:22.168] > git rev-parse --show-toplevel
[2024-10-16 20:20:22.174] > git rev-parse --show-toplevel
[2024-10-16 20:20:22.180] > git rev-parse --show-toplevel
[2024-10-16 20:20:22.187] > git rev-parse --show-toplevel
[2024-10-16 20:20:22.193] > git rev-parse --show-toplevel
[2024-10-16 20:20:22.199] > git rev-parse --show-toplevel
[2024-10-16 20:20:22.205] > git rev-parse --show-toplevel
[2024-10-16 20:20:22.211] > git rev-parse --show-toplevel
[2024-10-16 20:20:22.218] > git rev-parse --show-toplevel
[2024-10-16 20:20:22.225] > git rev-parse --show-toplevel
[2024-10-16 20:20:22.231] > git rev-parse --show-toplevel
[2024-10-16 20:20:22.237] > git rev-parse --show-toplevel
[2024-10-16 20:20:22.244] > git rev-parse --show-toplevel
[2024-10-16 20:20:22.250] > git rev-parse --show-toplevel
[2024-10-16 20:20:22.257] > git rev-parse --show-toplevel
[2024-10-16 20:20:22.263] > git rev-parse --show-toplevel
[2024-10-16 20:20:22.272] > git rev-parse --show-toplevel
[2024-10-16 20:20:22.278] > git rev-parse --show-toplevel
[2024-10-16 20:20:22.284] > git rev-parse --show-toplevel
[2024-10-16 20:20:22.290] > git rev-parse --show-toplevel
[2024-10-16 20:20:22.298] > git rev-parse --show-toplevel
[2024-10-16 20:20:22.304] > git rev-parse --show-toplevel
[2024-10-16 20:20:22.310] > git rev-parse --show-toplevel
[2024-10-16 20:20:22.316] > git rev-parse --show-toplevel
[2024-10-16 20:20:22.323] > git rev-parse --show-toplevel
[2024-10-16 20:20:22.329] > git rev-parse --show-toplevel
[2024-10-16 20:20:22.335] > git rev-parse --show-toplevel
[2024-10-16 20:20:22.345] > git rev-parse --show-toplevel
[2024-10-16 20:20:22.351] > git rev-parse --show-toplevel
[2024-10-16 20:20:22.358] > git rev-parse --show-toplevel
[2024-10-16 20:20:22.364] > git rev-parse --show-toplevel
[2024-10-16 20:20:22.371] > git rev-parse --show-toplevel
[2024-10-16 20:20:22.377] > git rev-parse --show-toplevel
[2024-10-16 20:20:22.383] > git rev-parse --show-toplevel
[2024-10-16 20:20:22.394] > git rev-parse --show-toplevel
[2024-10-16 20:20:22.402] > git rev-parse --show-toplevel
[2024-10-16 20:20:22.409] > git rev-parse --show-toplevel
[2024-10-16 20:20:22.415] > git rev-parse --show-toplevel
[2024-10-16 20:20:22.422] > git rev-parse --show-toplevel
[2024-10-16 20:20:22.429] > git rev-parse --show-toplevel
[2024-10-16 20:20:22.441] > git rev-parse --show-toplevel
[2024-10-16 20:20:22.459] > git rev-parse --show-toplevel
[2024-10-16 20:20:22.469] > git rev-parse --show-toplevel
[2024-10-16 20:20:22.475] > git rev-parse --show-toplevel
[2024-10-16 20:20:22.481] > git rev-parse --show-toplevel
[2024-10-16 20:20:22.488] > git rev-parse --show-toplevel
[2024-10-16 20:20:22.495] > git rev-parse --show-toplevel
[2024-10-16 20:20:22.502] > git rev-parse --show-toplevel
[2024-10-16 20:20:22.508] > git rev-parse --show-toplevel
[2024-10-16 20:20:22.517] > git rev-parse --show-toplevel
[2024-10-16 20:20:22.524] > git rev-parse --show-toplevel
[2024-10-16 20:20:22.530] > git rev-parse --show-toplevel
[2024-10-16 20:20:22.537] > git rev-parse --show-toplevel
[2024-10-16 20:20:22.543] > git rev-parse --show-toplevel
[2024-10-16 20:20:22.549] > git rev-parse --show-toplevel
[2024-10-16 20:20:22.556] > git rev-parse --show-toplevel
[2024-10-16 20:20:22.562] > git rev-parse --show-toplevel
[2024-10-16 20:20:22.568] > git rev-parse --show-toplevel
[2024-10-16 20:20:22.574] > git rev-parse --show-toplevel
[2024-10-16 20:20:22.580] > git rev-parse --show-toplevel
[2024-10-16 20:20:22.586] > git rev-parse --show-toplevel
[2024-10-16 20:20:22.594] > git rev-parse --show-toplevel
[2024-10-16 20:20:22.601] > git rev-parse --show-toplevel
[2024-10-16 20:20:22.607] > git rev-parse --show-toplevel
[2024-10-16 20:20:22.613] > git rev-parse --show-toplevel
[2024-10-16 20:20:22.619] > git rev-parse --show-toplevel
[2024-10-16 20:20:22.626] > git rev-parse --show-toplevel
[2024-10-16 20:20:22.632] > git rev-parse --show-toplevel
[2024-10-16 20:20:22.639] > git rev-parse --show-toplevel
[2024-10-16 20:20:22.645] > git rev-parse --show-toplevel
[2024-10-16 20:20:22.652] > git rev-parse --show-toplevel
[2024-10-16 20:20:22.658] > git rev-parse --show-toplevel
[2024-10-16 20:20:22.664] > git rev-parse --show-toplevel
[2024-10-16 20:20:22.671] > git rev-parse --show-toplevel
[2024-10-16 20:20:22.677] > git rev-parse --show-toplevel
[2024-10-16 20:20:22.683] > git rev-parse --show-toplevel
[2024-10-16 20:20:22.690] > git rev-parse --show-toplevel
[2024-10-16 20:20:22.696] > git rev-parse --show-toplevel
[2024-10-16 20:20:22.703] > git rev-parse --show-toplevel
[2024-10-16 20:20:22.709] > git rev-parse --show-toplevel
[2024-10-16 20:20:22.716] > git rev-parse --show-toplevel
[2024-10-16 20:20:22.724] > git rev-parse --show-toplevel
[2024-10-16 20:20:22.730] > git rev-parse --show-toplevel
[2024-10-16 20:20:22.737] > git rev-parse --show-toplevel
[2024-10-16 20:20:22.744] > git rev-parse --show-toplevel
[2024-10-16 20:20:22.750] > git rev-parse --show-toplevel
[2024-10-16 20:20:22.757] > git rev-parse --show-toplevel
[2024-10-16 20:20:22.765] > git rev-parse --show-toplevel
[2024-10-16 20:20:22.772] > git rev-parse --show-toplevel
[2024-10-16 20:20:22.778] > git rev-parse --show-toplevel
[2024-10-16 20:20:22.784] > git rev-parse --show-toplevel
[2024-10-16 20:20:22.791] > git rev-parse --show-toplevel
[2024-10-16 20:20:22.801] > git rev-parse --show-toplevel
[2024-10-16 20:20:22.808] > git rev-parse --show-toplevel
[2024-10-16 20:20:22.815] > git rev-parse --show-toplevel
[2024-10-16 20:20:22.822] > git rev-parse --show-toplevel
[2024-10-16 20:20:22.828] > git rev-parse --show-toplevel
[2024-10-16 20:20:22.834] > git rev-parse --show-toplevel
[2024-10-16 20:20:22.840] > git rev-parse --show-toplevel
[2024-10-16 20:20:22.847] > git rev-parse --show-toplevel
[2024-10-16 20:20:22.853] > git rev-parse --show-toplevel
[2024-10-16 20:20:22.859] > git rev-parse --show-toplevel
[2024-10-16 20:20:22.865] > git rev-parse --show-toplevel
[2024-10-16 20:20:22.872] > git rev-parse --show-toplevel
[2024-10-16 20:20:22.878] > git rev-parse --show-toplevel
[2024-10-16 20:20:22.884] > git rev-parse --show-toplevel
[2024-10-16 20:20:22.890] > git rev-parse --show-toplevel
[2024-10-16 20:20:22.897] > git rev-parse --show-toplevel
[2024-10-16 20:20:22.903] > git rev-parse --show-toplevel
[2024-10-16 20:20:22.909] > git rev-parse --show-toplevel
[2024-10-16 20:20:22.916] > git rev-parse --show-toplevel
[2024-10-16 20:20:22.923] > git rev-parse --show-toplevel
[2024-10-16 20:20:22.929] > git rev-parse --show-toplevel
[2024-10-16 20:20:22.936] > git rev-parse --show-toplevel
[2024-10-16 20:20:22.942] > git rev-parse --show-toplevel
[2024-10-16 20:20:22.948] > git rev-parse --show-toplevel
[2024-10-16 20:20:22.955] > git rev-parse --show-toplevel
[2024-10-16 20:20:22.962] > git rev-parse --show-toplevel
[2024-10-16 20:20:22.968] > git rev-parse --show-toplevel
[2024-10-16 20:20:22.975] > git rev-parse --show-toplevel
[2024-10-16 20:20:22.981] > git rev-parse --show-toplevel
[2024-10-16 20:20:22.988] > git rev-parse --show-toplevel
[2024-10-16 20:20:22.996] > git rev-parse --show-toplevel
[2024-10-16 20:20:23.004] > git rev-parse --show-toplevel
[2024-10-16 20:20:23.010] > git rev-parse --show-toplevel
[2024-10-16 20:20:23.017] > git rev-parse --show-toplevel
[2024-10-16 20:20:23.024] > git rev-parse --show-toplevel
[2024-10-16 20:20:23.030] > git rev-parse --show-toplevel
[2024-10-16 20:20:23.037] > git rev-parse --show-toplevel
[2024-10-16 20:20:23.044] > git rev-parse --show-toplevel
[2024-10-16 20:20:23.050] > git rev-parse --show-toplevel
[2024-10-16 20:20:23.057] > git rev-parse --show-toplevel
[2024-10-16 20:20:23.066] > git rev-parse --show-toplevel
[2024-10-16 20:20:23.073] > git rev-parse --show-toplevel
[2024-10-16 20:20:23.079] > git rev-parse --show-toplevel
[2024-10-16 20:20:23.094] > git rev-parse --show-toplevel
[2024-10-16 20:20:23.101] > git rev-parse --show-toplevel
[2024-10-16 20:20:23.107] > git rev-parse --show-toplevel
[2024-10-16 20:20:23.114] > git rev-parse --show-toplevel
[2024-10-16 20:20:23.122] > git rev-parse --show-toplevel
[2024-10-16 20:20:23.129] > git rev-parse --show-toplevel
[2024-10-16 20:20:23.136] > git rev-parse --show-toplevel
[2024-10-16 20:20:23.142] > git rev-parse --show-toplevel
[2024-10-16 20:20:23.148] > git rev-parse --show-toplevel
[2024-10-16 20:20:23.155] > git rev-parse --show-toplevel
[2024-10-16 20:20:23.161] > git rev-parse --show-toplevel
[2024-10-16 20:20:23.167] > git rev-parse --show-toplevel
[2024-10-16 20:20:23.173] > git rev-parse --show-toplevel
[2024-10-16 20:20:23.180] > git rev-parse --show-toplevel
[2024-10-16 20:20:23.186] > git rev-parse --show-toplevel
[2024-10-16 20:20:23.193] > git rev-parse --show-toplevel
[2024-10-16 20:20:23.204] > git rev-parse --show-toplevel
[2024-10-16 20:20:23.213] > git rev-parse --show-toplevel
[2024-10-16 20:20:23.224] > git rev-parse --show-toplevel
[2024-10-16 20:20:23.233] > git rev-parse --show-toplevel
[2024-10-16 20:20:23.243] > git rev-parse --show-toplevel
[2024-10-16 20:20:23.252] > git rev-parse --show-toplevel
[2024-10-16 20:20:23.262] > git rev-parse --show-toplevel
[2024-10-16 20:20:23.268] > git rev-parse --show-toplevel
[2024-10-16 20:20:23.274] > git rev-parse --show-toplevel
[2024-10-16 20:20:23.280] > git rev-parse --show-toplevel
[2024-10-16 20:20:23.287] > git rev-parse --show-toplevel
[2024-10-16 20:20:23.293] > git rev-parse --show-toplevel
[2024-10-16 20:20:23.299] > git rev-parse --show-toplevel
[2024-10-16 20:20:23.306] > git rev-parse --show-toplevel
[2024-10-16 20:20:23.313] > git rev-parse --show-toplevel
[2024-10-16 20:20:23.320] > git rev-parse --show-toplevel
[2024-10-16 20:20:23.332] > git rev-parse --show-toplevel
[2024-10-16 20:20:23.342] > git rev-parse --show-toplevel
[2024-10-16 20:20:23.358] > git rev-parse --show-toplevel
[2024-10-16 20:20:23.364] > git rev-parse --show-toplevel
[2024-10-16 20:20:23.371] > git rev-parse --show-toplevel
[2024-10-16 20:20:23.381] > git rev-parse --show-toplevel
[2024-10-16 20:20:23.387] > git rev-parse --show-toplevel
[2024-10-16 20:20:23.394] > git rev-parse --show-toplevel
[2024-10-16 20:20:23.402] > git rev-parse --show-toplevel
[2024-10-16 20:20:23.409] > git rev-parse --show-toplevel
[2024-10-16 20:20:23.415] > git rev-parse --show-toplevel
[2024-10-16 20:20:23.422] > git rev-parse --show-toplevel
[2024-10-16 20:20:23.429] > git rev-parse --show-toplevel
[2024-10-16 20:20:23.437] > git rev-parse --show-toplevel
[2024-10-16 20:20:23.445] > git rev-parse --show-toplevel
[2024-10-16 20:20:23.467] > git rev-parse --show-toplevel
[2024-10-16 20:20:23.500] > git rev-parse --show-toplevel
[2024-10-16 20:20:23.534] > git rev-parse --show-toplevel
[2024-10-16 20:20:23.562] > git rev-parse --show-toplevel
[2024-10-16 20:20:23.569] > git rev-parse --show-toplevel
[2024-10-16 20:20:23.582] > git rev-parse --show-toplevel
[2024-10-16 20:20:23.592] > git rev-parse --show-toplevel
[2024-10-16 20:20:23.605] > git rev-parse --show-toplevel
[2024-10-16 20:20:23.619] > git rev-parse --show-toplevel
[2024-10-16 20:20:23.637] > git rev-parse --show-toplevel
[2024-10-16 20:20:23.658] > git rev-parse --show-toplevel
[2024-10-16 20:20:23.688] > git rev-parse --show-toplevel
[2024-10-16 20:20:23.721] > git rev-parse --show-toplevel
[2024-10-16 20:20:23.747] > git rev-parse --show-toplevel
[2024-10-16 20:20:23.758] > git rev-parse --show-toplevel
[2024-10-16 20:20:23.791] > git rev-parse --show-toplevel
[2024-10-16 20:20:23.836] > git rev-parse --show-toplevel
[2024-10-16 20:20:23.854] > git rev-parse --show-toplevel
[2024-10-16 20:20:23.861] > git rev-parse --show-toplevel
[2024-10-16 20:20:23.869] > git rev-parse --show-toplevel
[2024-10-16 20:20:23.875] > git rev-parse --show-toplevel
[2024-10-16 20:20:23.881] > git rev-parse --show-toplevel
[2024-10-16 20:20:23.899] > git rev-parse --show-toplevel
[2024-10-16 20:20:23.913] > git rev-parse --show-toplevel
[2024-10-16 20:20:23.921] > git rev-parse --show-toplevel
[2024-10-16 20:20:23.929] > git rev-parse --show-toplevel
[2024-10-16 20:20:23.936] > git rev-parse --show-toplevel
[2024-10-16 20:20:23.941] > git rev-parse --show-toplevel
[2024-10-16 20:20:23.947] > git rev-parse --show-toplevel
[2024-10-16 20:20:23.953] > git rev-parse --show-toplevel
[2024-10-16 20:20:23.960] > git rev-parse --show-toplevel
[2024-10-16 20:20:23.966] > git rev-parse --show-toplevel
[2024-10-16 20:20:23.972] > git rev-parse --show-toplevel
[2024-10-16 20:20:23.978] > git rev-parse --show-toplevel
[2024-10-16 20:20:23.985] > git rev-parse --show-toplevel
[2024-10-16 20:20:23.996] > git rev-parse --show-toplevel
[2024-10-16 20:20:24.002] > git rev-parse --show-toplevel
[2024-10-16 20:20:24.008] > git rev-parse --show-toplevel
[2024-10-16 20:20:24.018] > git rev-parse --show-toplevel
[2024-10-16 20:20:24.024] > git rev-parse --show-toplevel
[2024-10-16 20:20:24.031] > git rev-parse --show-toplevel
[2024-10-16 20:20:24.037] > git rev-parse --show-toplevel
[2024-10-16 20:20:24.044] > git rev-parse --show-toplevel
[2024-10-16 20:20:24.050] > git rev-parse --show-toplevel
[2024-10-16 20:20:24.056] > git rev-parse --show-toplevel
[2024-10-16 20:20:24.063] > git rev-parse --show-toplevel
[2024-10-16 20:20:24.069] > git rev-parse --show-toplevel
[2024-10-16 20:20:24.075] > git rev-parse --show-toplevel
[2024-10-16 20:20:24.081] > git rev-parse --show-toplevel
[2024-10-16 20:20:24.088] > git rev-parse --show-toplevel
[2024-10-16 20:20:24.094] > git rev-parse --show-toplevel
[2024-10-16 20:20:24.100] > git rev-parse --show-toplevel
[2024-10-16 20:20:24.107] > git rev-parse --show-toplevel
[2024-10-16 20:20:24.114] > git rev-parse --show-toplevel
[2024-10-16 20:20:24.125] > git rev-parse --show-toplevel
[2024-10-16 20:20:24.132] > git rev-parse --show-toplevel
[2024-10-16 20:20:24.139] > git rev-parse --show-toplevel
[2024-10-16 20:20:24.146] > git rev-parse --show-toplevel
[2024-10-16 20:20:24.152] > git rev-parse --show-toplevel
[2024-10-16 20:20:24.173] > git rev-parse --show-toplevel
[2024-10-16 20:20:24.191] > git rev-parse --show-toplevel
[2024-10-16 20:20:24.204] > git rev-parse --show-toplevel
[2024-10-16 20:20:24.218] > git rev-parse --show-toplevel
[2024-10-16 20:20:24.232] > git rev-parse --show-toplevel
[2024-10-16 20:20:24.249] > git rev-parse --show-toplevel
[2024-10-16 20:20:24.261] > git rev-parse --show-toplevel
[2024-10-16 20:20:24.268] > git rev-parse --show-toplevel
[2024-10-16 20:20:24.276] > git rev-parse --show-toplevel
[2024-10-16 20:20:24.282] > git rev-parse --show-toplevel
[2024-10-16 20:20:24.289] > git rev-parse --show-toplevel
[2024-10-16 20:20:24.295] > git rev-parse --show-toplevel
[2024-10-16 20:20:24.302] > git rev-parse --show-toplevel
[2024-10-16 20:20:24.308] > git rev-parse --show-toplevel
[2024-10-16 20:20:24.314] > git rev-parse --show-toplevel
[2024-10-16 20:20:24.321] > git rev-parse --show-toplevel
[2024-10-16 20:20:24.328] > git rev-parse --show-toplevel
[2024-10-16 20:20:24.334] > git rev-parse --show-toplevel
[2024-10-16 20:20:24.340] > git rev-parse --show-toplevel
[2024-10-16 20:20:24.346] > git rev-parse --show-toplevel
[2024-10-16 20:20:24.352] > git rev-parse --show-toplevel
[2024-10-16 20:20:24.358] > git rev-parse --show-toplevel
[2024-10-16 20:20:24.365] > git rev-parse --show-toplevel
[2024-10-16 20:20:24.371] > git rev-parse --show-toplevel
[2024-10-16 20:20:24.377] > git rev-parse --show-toplevel
[2024-10-16 20:20:24.383] > git rev-parse --show-toplevel
[2024-10-16 20:20:24.390] > git rev-parse --show-toplevel
[2024-10-16 20:20:24.396] > git rev-parse --show-toplevel
[2024-10-16 20:20:24.402] > git rev-parse --show-toplevel
[2024-10-16 20:20:24.408] > git rev-parse --show-toplevel
[2024-10-16 20:20:24.414] > git rev-parse --show-toplevel
[2024-10-16 20:20:24.421] > git rev-parse --show-toplevel
[2024-10-16 20:20:24.427] > git rev-parse --show-toplevel
[2024-10-16 20:20:24.433] > git rev-parse --show-toplevel
[2024-10-16 20:20:24.440] > git rev-parse --show-toplevel
[2024-10-16 20:20:24.446] > git rev-parse --show-toplevel
[2024-10-16 20:20:24.453] > git rev-parse --show-toplevel
[2024-10-16 20:20:24.459] > git rev-parse --show-toplevel
[2024-10-16 20:20:24.466] > git rev-parse --show-toplevel
[2024-10-16 20:20:24.472] > git rev-parse --show-toplevel
[2024-10-16 20:20:24.480] > git rev-parse --show-toplevel
[2024-10-16 20:20:24.486] > git rev-parse --show-toplevel
[2024-10-16 20:20:24.492] > git rev-parse --show-toplevel
[2024-10-16 20:20:24.498] > git rev-parse --show-toplevel
[2024-10-16 20:20:24.505] > git rev-parse --show-toplevel
[2024-10-16 20:20:24.512] > git rev-parse --show-toplevel
[2024-10-16 20:20:24.518] > git rev-parse --show-toplevel
[2024-10-16 20:20:24.525] > git rev-parse --show-toplevel
[2024-10-16 20:20:24.531] > git rev-parse --show-toplevel
[2024-10-16 20:20:24.538] > git rev-parse --show-toplevel
[2024-10-16 20:20:24.551] > git rev-parse --show-toplevel
[2024-10-16 20:20:24.557] > git rev-parse --show-toplevel
[2024-10-16 20:20:24.564] > git rev-parse --show-toplevel
[2024-10-16 20:20:24.570] > git rev-parse --show-toplevel
[2024-10-16 20:20:24.576] > git rev-parse --show-toplevel
[2024-10-16 20:20:24.582] > git rev-parse --show-toplevel
[2024-10-16 20:20:24.588] > git rev-parse --show-toplevel
[2024-10-16 20:20:24.594] > git rev-parse --show-toplevel
[2024-10-16 20:20:24.600] > git rev-parse --show-toplevel
[2024-10-16 20:20:24.607] > git rev-parse --show-toplevel
[2024-10-16 20:20:24.613] > git rev-parse --show-toplevel
[2024-10-16 20:20:24.619] > git rev-parse --show-toplevel
[2024-10-16 20:20:24.625] > git rev-parse --show-toplevel
[2024-10-16 20:20:24.632] > git rev-parse --show-toplevel
[2024-10-16 20:20:24.638] > git rev-parse --show-toplevel
[2024-10-16 20:20:24.644] > git rev-parse --show-toplevel
[2024-10-16 20:20:24.653] > git rev-parse --show-toplevel
[2024-10-16 20:20:24.661] > git rev-parse --show-toplevel
[2024-10-16 20:20:24.667] > git rev-parse --show-toplevel
[2024-10-16 20:20:24.673] > git rev-parse --show-toplevel
[2024-10-16 20:20:24.679] > git rev-parse --show-toplevel
[2024-10-16 20:20:24.685] > git rev-parse --show-toplevel
[2024-10-16 20:20:24.693] > git rev-parse --show-toplevel
[2024-10-16 20:20:24.700] > git rev-parse --show-toplevel
[2024-10-16 20:20:24.706] > git rev-parse --show-toplevel
[2024-10-16 20:20:24.713] > git rev-parse --show-toplevel
[2024-10-16 20:20:24.720] > git rev-parse --show-toplevel
[2024-10-16 20:20:24.728] > git rev-parse --show-toplevel
[2024-10-16 20:20:24.734] > git rev-parse --show-toplevel
[2024-10-16 20:20:24.740] > git rev-parse --show-toplevel
[2024-10-16 20:20:24.746] > git rev-parse --show-toplevel
[2024-10-16 20:20:24.753] > git rev-parse --show-toplevel
[2024-10-16 20:20:24.760] > git rev-parse --show-toplevel
[2024-10-16 20:20:24.766] > git rev-parse --show-toplevel
[2024-10-16 20:20:24.772] > git rev-parse --show-toplevel
[2024-10-16 20:20:24.779] > git rev-parse --show-toplevel
[2024-10-16 20:20:24.787] > git rev-parse --show-toplevel
[2024-10-16 20:20:24.794] > git rev-parse --show-toplevel
[2024-10-16 20:20:24.801] > git rev-parse --show-toplevel
[2024-10-16 20:20:24.808] > git rev-parse --show-toplevel
[2024-10-16 20:20:24.815] > git rev-parse --show-toplevel
[2024-10-16 20:20:24.822] > git rev-parse --show-toplevel
[2024-10-16 20:20:24.828] > git rev-parse --show-toplevel
[2024-10-16 20:20:24.840] > git rev-parse --show-toplevel
[2024-10-16 20:20:24.847] > git rev-parse --show-toplevel
[2024-10-16 20:20:24.853] > git rev-parse --show-toplevel
[2024-10-16 20:20:24.859] > git rev-parse --show-toplevel
[2024-10-16 20:20:24.865] > git rev-parse --show-toplevel
[2024-10-16 20:20:24.872] > git rev-parse --show-toplevel
[2024-10-16 20:20:24.878] > git rev-parse --show-toplevel
[2024-10-16 20:20:24.884] > git rev-parse --show-toplevel
[2024-10-16 20:20:24.891] > git rev-parse --show-toplevel
[2024-10-16 20:20:24.897] > git rev-parse --show-toplevel
[2024-10-16 20:20:24.904] > git rev-parse --show-toplevel
[2024-10-16 20:20:24.911] > git rev-parse --show-toplevel
[2024-10-16 20:20:24.918] > git rev-parse --show-toplevel
[2024-10-16 20:20:24.924] > git rev-parse --show-toplevel
[2024-10-16 20:20:24.931] > git rev-parse --show-toplevel
[2024-10-16 20:20:24.937] > git rev-parse --show-toplevel
[2024-10-16 20:20:24.943] > git rev-parse --show-toplevel
[2024-10-16 20:20:24.949] > git rev-parse --show-toplevel
[2024-10-16 20:20:24.956] > git rev-parse --show-toplevel
[2024-10-16 20:20:24.962] > git rev-parse --show-toplevel
[2024-10-16 20:20:24.968] > git rev-parse --show-toplevel
[2024-10-16 20:20:24.974] > git rev-parse --show-toplevel
[2024-10-16 20:20:24.989] > git rev-parse --show-toplevel
[2024-10-16 20:20:25.006] > git rev-parse --show-toplevel
[2024-10-16 20:20:25.014] > git rev-parse --show-toplevel
[2024-10-16 20:20:25.026] > git rev-parse --show-toplevel
[2024-10-16 20:20:25.033] > git rev-parse --show-toplevel
[2024-10-16 20:20:25.046] > git rev-parse --show-toplevel
[2024-10-16 20:20:25.057] > git rev-parse --show-toplevel
[2024-10-16 20:20:25.074] > git rev-parse --show-toplevel
[2024-10-16 20:20:25.085] > git rev-parse --show-toplevel
[2024-10-16 20:20:25.101] > git rev-parse --show-toplevel
[2024-10-16 20:20:25.112] > git rev-parse --show-toplevel
[2024-10-16 20:20:25.124] > git rev-parse --show-toplevel
[2024-10-16 20:20:25.132] > git rev-parse --show-toplevel
[2024-10-16 20:20:25.140] > git rev-parse --show-toplevel
[2024-10-16 20:20:25.149] > git rev-parse --show-toplevel
[2024-10-16 20:20:25.155] > git rev-parse --show-toplevel
[2024-10-16 20:20:25.161] > git rev-parse --show-toplevel
[2024-10-16 20:20:25.168] > git rev-parse --show-toplevel
[2024-10-16 20:20:25.176] > git rev-parse --show-toplevel
[2024-10-16 20:20:25.183] > git rev-parse --show-toplevel
[2024-10-16 20:20:25.196] > git rev-parse --show-toplevel
[2024-10-16 20:20:25.203] > git rev-parse --show-toplevel
[2024-10-16 20:20:25.215] > git rev-parse --show-toplevel
[2024-10-16 20:20:25.227] > git rev-parse --show-toplevel
[2024-10-16 20:20:25.254] > git rev-parse --show-toplevel
[2024-10-16 20:20:25.261] > git rev-parse --show-toplevel
[2024-10-16 20:20:25.267] > git rev-parse --show-toplevel
[2024-10-16 20:20:25.274] > git rev-parse --show-toplevel
[2024-10-16 20:20:25.281] > git rev-parse --show-toplevel
[2024-10-16 20:20:25.287] > git rev-parse --show-toplevel
[2024-10-16 20:20:25.293] > git rev-parse --show-toplevel
[2024-10-16 20:20:25.299] > git rev-parse --show-toplevel
[2024-10-16 20:20:25.305] > git rev-parse --show-toplevel
[2024-10-16 20:20:25.312] > git rev-parse --show-toplevel
[2024-10-16 20:20:25.318] > git rev-parse --show-toplevel
[2024-10-16 20:20:25.329] > git rev-parse --show-toplevel
[2024-10-16 20:20:25.336] > git rev-parse --show-toplevel
[2024-10-16 20:20:25.342] > git rev-parse --show-toplevel
[2024-10-16 20:20:25.348] > git rev-parse --show-toplevel
[2024-10-16 20:20:25.355] > git rev-parse --show-toplevel
[2024-10-16 20:20:25.361] > git rev-parse --show-toplevel
[2024-10-16 20:20:25.367] > git rev-parse --show-toplevel
[2024-10-16 20:20:25.373] > git rev-parse --show-toplevel
[2024-10-16 20:20:25.379] > git rev-parse --show-toplevel
[2024-10-16 20:20:25.385] > git rev-parse --show-toplevel
[2024-10-16 20:20:25.392] > git rev-parse --show-toplevel
[2024-10-16 20:20:25.398] > git rev-parse --show-toplevel
[2024-10-16 20:20:25.407] > git rev-parse --show-toplevel
[2024-10-16 20:20:25.415] > git rev-parse --show-toplevel
[2024-10-16 20:20:25.422] > git rev-parse --show-toplevel
[2024-10-16 20:20:25.429] > git rev-parse --show-toplevel
[2024-10-16 20:20:25.436] > git rev-parse --show-toplevel
[2024-10-16 20:20:25.443] > git rev-parse --show-toplevel
[2024-10-16 20:20:25.449] > git rev-parse --show-toplevel
[2024-10-16 20:20:25.456] > git rev-parse --show-toplevel
[2024-10-16 20:20:25.463] > git rev-parse --show-toplevel
[2024-10-16 20:20:25.470] > git rev-parse --show-toplevel
[2024-10-16 20:20:25.481] > git rev-parse --show-toplevel
[2024-10-16 20:20:25.495] > git rev-parse --show-toplevel
[2024-10-16 20:20:25.502] > git rev-parse --show-toplevel
[2024-10-16 20:20:25.509] > git rev-parse --show-toplevel
[2024-10-16 20:20:25.516] > git rev-parse --show-toplevel
[2024-10-16 20:20:25.522] > git rev-parse --show-toplevel
[2024-10-16 20:20:25.529] > git rev-parse --show-toplevel
[2024-10-16 20:20:25.535] > git rev-parse --show-toplevel
[2024-10-16 20:20:25.541] > git rev-parse --show-toplevel
[2024-10-16 20:20:25.548] > git rev-parse --show-toplevel
[2024-10-16 20:20:25.554] > git rev-parse --show-toplevel
[2024-10-16 20:20:25.562] > git rev-parse --show-toplevel
[2024-10-16 20:20:25.569] > git rev-parse --show-toplevel
[2024-10-16 20:20:25.575] > git rev-parse --show-toplevel
[2024-10-16 20:20:25.581] > git rev-parse --show-toplevel
[2024-10-16 20:20:25.587] > git rev-parse --show-toplevel
[2024-10-16 20:20:25.594] > git rev-parse --show-toplevel
[2024-10-16 20:20:25.600] > git rev-parse --show-toplevel
[2024-10-16 20:20:25.606] > git rev-parse --show-toplevel
[2024-10-16 20:20:25.613] > git rev-parse --show-toplevel
[2024-10-16 20:20:25.619] > git rev-parse --show-toplevel
[2024-10-16 20:20:25.625] > git rev-parse --show-toplevel
[2024-10-16 20:20:25.632] > git rev-parse --show-toplevel
[2024-10-16 20:20:25.638] > git rev-parse --show-toplevel
[2024-10-16 20:20:25.644] > git rev-parse --show-toplevel
[2024-10-16 20:20:25.650] > git rev-parse --show-toplevel
[2024-10-16 20:20:25.658] > git rev-parse --show-toplevel
[2024-10-16 20:20:25.666] > git rev-parse --show-toplevel
[2024-10-16 20:20:25.672] > git rev-parse --show-toplevel
[2024-10-16 20:20:25.679] > git rev-parse --show-toplevel
[2024-10-16 20:20:25.685] > git rev-parse --show-toplevel
[2024-10-16 20:20:25.693] > git rev-parse --show-toplevel
[2024-10-16 20:20:25.699] > git rev-parse --show-toplevel
[2024-10-16 20:20:25.706] > git rev-parse --show-toplevel
[2024-10-16 20:20:25.714] > git rev-parse --show-toplevel
[2024-10-16 20:20:25.720] > git rev-parse --show-toplevel
[2024-10-16 20:20:25.727] > git rev-parse --show-toplevel
[2024-10-16 20:20:25.733] > git rev-parse --show-toplevel
[2024-10-16 20:20:25.739] > git rev-parse --show-toplevel
[2024-10-16 20:20:25.746] > git rev-parse --show-toplevel
[2024-10-16 20:20:25.755] > git rev-parse --show-toplevel
[2024-10-16 20:20:25.761] > git rev-parse --show-toplevel
[2024-10-16 20:20:25.768] > git rev-parse --show-toplevel
[2024-10-16 20:20:25.774] > git rev-parse --show-toplevel
[2024-10-16 20:20:25.780] > git rev-parse --show-toplevel
[2024-10-16 20:20:25.787] > git rev-parse --show-toplevel
[2024-10-16 20:20:25.793] > git rev-parse --show-toplevel
[2024-10-16 20:20:25.799] > git rev-parse --show-toplevel
[2024-10-16 20:20:25.806] > git rev-parse --show-toplevel
[2024-10-16 20:20:25.813] > git rev-parse --show-toplevel
[2024-10-16 20:20:25.824] > git rev-parse --show-toplevel
[2024-10-16 20:20:25.830] > git rev-parse --show-toplevel
[2024-10-16 20:20:25.837] > git rev-parse --show-toplevel
[2024-10-16 20:20:25.844] > git rev-parse --show-toplevel
[2024-10-16 20:20:25.850] > git rev-parse --show-toplevel
[2024-10-16 20:20:25.857] > git rev-parse --show-toplevel
[2024-10-16 20:20:25.864] > git rev-parse --show-toplevel
[2024-10-16 20:20:25.870] > git rev-parse --show-toplevel
[2024-10-16 20:20:25.876] > git rev-parse --show-toplevel
[2024-10-16 20:20:25.883] > git rev-parse --show-toplevel
[2024-10-16 20:20:25.889] > git rev-parse --show-toplevel
[2024-10-16 20:20:25.896] > git rev-parse --show-toplevel
[2024-10-16 20:20:25.903] > git rev-parse --show-toplevel
[2024-10-16 20:20:25.913] > git rev-parse --show-toplevel
[2024-10-16 20:20:25.919] > git rev-parse --show-toplevel
[2024-10-16 20:20:25.926] > git rev-parse --show-toplevel
[2024-10-16 20:20:25.945] > git rev-parse --show-toplevel
[2024-10-16 20:20:25.955] > git rev-parse --show-toplevel
[2024-10-16 20:20:25.972] > git rev-parse --show-toplevel
[2024-10-16 20:20:25.985] > git rev-parse --show-toplevel
[2024-10-16 20:20:25.998] > git rev-parse --show-toplevel
[2024-10-16 20:20:26.004] > git rev-parse --show-toplevel
[2024-10-16 20:20:26.019] > git rev-parse --show-toplevel
[2024-10-16 20:20:26.028] > git rev-parse --show-toplevel
[2024-10-16 20:20:26.035] > git rev-parse --show-toplevel
[2024-10-16 20:20:26.041] > git rev-parse --show-toplevel
[2024-10-16 20:20:26.048] > git rev-parse --show-toplevel
[2024-10-16 20:20:26.054] > git rev-parse --show-toplevel
[2024-10-16 20:20:26.061] > git rev-parse --show-toplevel
[2024-10-16 20:20:26.067] > git rev-parse --show-toplevel
[2024-10-16 20:20:26.073] > git rev-parse --show-toplevel
[2024-10-16 20:20:26.080] > git rev-parse --show-toplevel
[2024-10-16 20:20:26.087] > git rev-parse --show-toplevel
[2024-10-16 20:20:26.093] > git rev-parse --show-toplevel
[2024-10-16 20:20:26.099] > git rev-parse --show-toplevel
[2024-10-16 20:20:26.105] > git rev-parse --show-toplevel
[2024-10-16 20:20:26.111] > git rev-parse --show-toplevel
[2024-10-16 20:20:26.117] > git rev-parse --show-toplevel
[2024-10-16 20:20:26.124] > git rev-parse --show-toplevel
[2024-10-16 20:20:26.134] > git rev-parse --show-toplevel
[2024-10-16 20:20:26.142] > git rev-parse --show-toplevel
[2024-10-16 20:20:26.148] > git rev-parse --show-toplevel
[2024-10-16 20:20:26.154] > git rev-parse --show-toplevel
[2024-10-16 20:20:26.160] > git rev-parse --show-toplevel
[2024-10-16 20:20:26.170] > git rev-parse --show-toplevel
[2024-10-16 20:20:26.177] > git rev-parse --show-toplevel
[2024-10-16 20:20:26.183] > git rev-parse --show-toplevel
[2024-10-16 20:20:26.195] > git rev-parse --show-toplevel
[2024-10-16 20:20:26.201] > git rev-parse --show-toplevel
[2024-10-16 20:20:26.208] > git rev-parse --show-toplevel
[2024-10-16 20:20:26.220] > git rev-parse --show-toplevel
[2024-10-16 20:20:26.226] > git rev-parse --show-toplevel
[2024-10-16 20:20:26.235] > git rev-parse --show-toplevel
[2024-10-16 20:20:26.241] > git rev-parse --show-toplevel
[2024-10-16 20:20:26.247] > git rev-parse --show-toplevel
[2024-10-16 20:20:26.255] > git rev-parse --show-toplevel
[2024-10-16 20:20:26.261] > git rev-parse --show-toplevel
[2024-10-16 20:20:26.267] > git rev-parse --show-toplevel
[2024-10-16 20:20:26.274] > git rev-parse --show-toplevel
[2024-10-16 20:20:26.280] > git rev-parse --show-toplevel
[2024-10-16 20:20:26.287] > git rev-parse --show-toplevel
[2024-10-16 20:20:26.293] > git rev-parse --show-toplevel
[2024-10-16 20:20:26.324] > git rev-parse --show-toplevel
[2024-10-16 20:20:26.331] > git rev-parse --show-toplevel
[2024-10-16 20:20:26.365] > git rev-parse --show-toplevel
[2024-10-16 20:20:26.371] > git rev-parse --show-toplevel
[2024-10-16 20:20:26.378] > git rev-parse --show-toplevel
[2024-10-16 20:20:26.390] > git rev-parse --show-toplevel
[2024-10-16 20:20:26.396] > git rev-parse --show-toplevel
[2024-10-16 20:20:26.402] > git rev-parse --show-toplevel
[2024-10-16 20:20:26.409] > git rev-parse --show-toplevel
[2024-10-16 20:20:26.416] > git rev-parse --show-toplevel
[2024-10-16 20:20:26.423] > git rev-parse --show-toplevel
[2024-10-16 20:20:26.429] > git rev-parse --show-toplevel
[2024-10-16 20:20:26.435] > git rev-parse --show-toplevel
[2024-10-16 20:20:26.441] > git rev-parse --show-toplevel
[2024-10-16 20:20:26.448] > git rev-parse --show-toplevel
[2024-10-16 20:20:26.458] > git rev-parse --show-toplevel
[2024-10-16 20:20:26.464] > git rev-parse --show-toplevel
[2024-10-16 20:20:26.470] > git rev-parse --show-toplevel
[2024-10-16 20:20:26.476] > git rev-parse --show-toplevel
[2024-10-16 20:20:26.483] > git rev-parse --show-toplevel
[2024-10-16 20:20:26.489] > git rev-parse --show-toplevel
